<?xml version="1.0" encoding="UTF-8"?>
<coverage generated="1714541264388" clover="3.2.0">
  <project timestamp="1714541264388" name="All files">
    <metrics statements="259" coveredstatements="256" conditionals="60" coveredconditionals="57" methods="29" coveredmethods="29" elements="348" coveredelements="342" complexity="0" loc="259" ncloc="259" packages="6" files="16" classes="16"/>
    <package name="api-online-store">
      <metrics statements="8" coveredstatements="8" conditionals="0" coveredconditionals="0" methods="0" coveredmethods="0"/>
      <file name="app.js" path="D:\Course\FSJS\file requirement job\10xers Labs\api-online-store\app.js">
        <metrics statements="8" coveredstatements="8" conditionals="0" coveredconditionals="0" methods="0" coveredmethods="0"/>
        <line num="1" count="2" type="stmt"/>
        <line num="3" count="2" type="stmt"/>
        <line num="4" count="2" type="stmt"/>
        <line num="6" count="2" type="stmt"/>
        <line num="7" count="2" type="stmt"/>
        <line num="10" count="2" type="stmt"/>
        <line num="13" count="2" type="stmt"/>
        <line num="15" count="2" type="stmt"/>
      </file>
    </package>
    <package name="api-online-store.controllers">
      <metrics statements="124" coveredstatements="122" conditionals="34" coveredconditionals="34" methods="8" coveredmethods="8"/>
      <file name="ProductController.js" path="D:\Course\FSJS\file requirement job\10xers Labs\api-online-store\controllers\ProductController.js">
        <metrics statements="101" coveredstatements="99" conditionals="26" coveredconditionals="26" methods="6" coveredmethods="6"/>
        <line num="1" count="2" type="stmt"/>
        <line num="2" count="2" type="stmt"/>
        <line num="3" count="2" type="stmt"/>
        <line num="7" count="1" type="stmt"/>
        <line num="9" count="1" type="stmt"/>
        <line num="19" count="1" type="stmt"/>
        <line num="24" count="0" type="stmt"/>
        <line num="30" count="2" type="stmt"/>
        <line num="32" count="2" type="stmt"/>
        <line num="34" count="2" type="stmt"/>
        <line num="52" count="2" type="stmt"/>
        <line num="55" count="2" type="stmt"/>
        <line num="64" count="2" type="stmt"/>
        <line num="79" count="2" type="stmt"/>
        <line num="86" count="2" type="stmt"/>
        <line num="87" count="1" type="stmt"/>
        <line num="88" count="1" type="stmt"/>
        <line num="91" count="1" type="stmt"/>
        <line num="94" count="1" type="stmt"/>
        <line num="100" count="1" type="stmt"/>
        <line num="101" count="1" type="stmt"/>
        <line num="107" count="3" type="stmt"/>
        <line num="109" count="3" type="stmt"/>
        <line num="111" count="3" type="stmt"/>
        <line num="112" count="3" type="stmt"/>
        <line num="115" count="3" type="cond" truecount="2" falsecount="0"/>
        <line num="116" count="1" type="stmt"/>
        <line num="120" count="2" type="stmt"/>
        <line num="122" count="2" type="cond" truecount="2" falsecount="0"/>
        <line num="123" count="1" type="stmt"/>
        <line num="127" count="1" type="stmt"/>
        <line num="128" count="1" type="stmt"/>
        <line num="129" count="1" type="stmt"/>
        <line num="137" count="1" type="stmt"/>
        <line num="138" count="4" type="cond" truecount="4" falsecount="0"/>
        <line num="139" count="2" type="stmt"/>
        <line num="141" count="2" type="stmt"/>
        <line num="142" count="2" type="stmt"/>
        <line num="146" count="1" type="stmt"/>
        <line num="155" count="1" type="stmt"/>
        <line num="158" count="1" type="stmt"/>
        <line num="161" count="1" type="stmt"/>
        <line num="163" count="1" type="stmt"/>
        <line num="165" count="2" type="stmt"/>
        <line num="166" count="2" type="stmt"/>
        <line num="171" count="4" type="stmt"/>
        <line num="173" count="4" type="stmt"/>
        <line num="175" count="4" type="stmt"/>
        <line num="178" count="4" type="cond" truecount="2" falsecount="0"/>
        <line num="179" count="1" type="stmt"/>
        <line num="183" count="3" type="stmt"/>
        <line num="186" count="2" type="cond" truecount="2" falsecount="0"/>
        <line num="187" count="1" type="stmt"/>
        <line num="202" count="1" type="stmt"/>
        <line num="204" count="1" type="stmt"/>
        <line num="216" count="1" type="stmt"/>
        <line num="217" count="1" type="stmt"/>
        <line num="220" count="1" type="stmt"/>
        <line num="221" count="10" type="cond" truecount="4" falsecount="0"/>
        <line num="222" count="8" type="stmt"/>
        <line num="224" count="2" type="stmt"/>
        <line num="225" count="2" type="stmt"/>
        <line num="230" count="1" type="stmt"/>
        <line num="239" count="1" type="stmt"/>
        <line num="240" count="1" type="stmt"/>
        <line num="243" count="1" type="stmt"/>
        <line num="244" count="1" type="stmt"/>
        <line num="248" count="3" type="stmt"/>
        <line num="249" count="3" type="stmt"/>
        <line num="255" count="3" type="stmt"/>
        <line num="257" count="3" type="stmt"/>
        <line num="259" count="3" type="stmt"/>
        <line num="262" count="3" type="cond" truecount="2" falsecount="0"/>
        <line num="263" count="1" type="stmt"/>
        <line num="267" count="2" type="stmt"/>
        <line num="271" count="2" type="cond" truecount="2" falsecount="0"/>
        <line num="272" count="1" type="stmt"/>
        <line num="276" count="1" type="stmt"/>
        <line num="284" count="1" type="stmt"/>
        <line num="287" count="1" type="stmt"/>
        <line num="294" count="1" type="stmt"/>
        <line num="297" count="1" type="stmt"/>
        <line num="299" count="1" type="stmt"/>
        <line num="303" count="2" type="stmt"/>
        <line num="304" count="2" type="stmt"/>
        <line num="309" count="2" type="stmt"/>
        <line num="311" count="2" type="stmt"/>
        <line num="314" count="2" type="stmt"/>
        <line num="319" count="2" type="cond" truecount="2" falsecount="0"/>
        <line num="320" count="1" type="stmt"/>
        <line num="325" count="2" type="stmt"/>
        <line num="326" count="2" type="stmt"/>
        <line num="327" count="2" type="cond" truecount="2" falsecount="0"/>
        <line num="328" count="1" type="stmt"/>
        <line num="329" count="1" type="stmt"/>
        <line num="330" count="1" type="stmt"/>
        <line num="332" count="1" type="stmt"/>
        <line num="336" count="2" type="stmt"/>
        <line num="339" count="2" type="stmt"/>
        <line num="350" count="0" type="stmt"/>
        <line num="355" count="2" type="stmt"/>
      </file>
      <file name="UserController.js" path="D:\Course\FSJS\file requirement job\10xers Labs\api-online-store\controllers\UserController.js">
        <metrics statements="23" coveredstatements="23" conditionals="8" coveredconditionals="8" methods="2" coveredmethods="2"/>
        <line num="1" count="2" type="stmt"/>
        <line num="2" count="2" type="stmt"/>
        <line num="3" count="2" type="stmt"/>
        <line num="7" count="2" type="stmt"/>
        <line num="9" count="2" type="stmt"/>
        <line num="12" count="2" type="stmt"/>
        <line num="19" count="2" type="stmt"/>
        <line num="22" count="1" type="stmt"/>
        <line num="31" count="1" type="stmt"/>
        <line num="36" count="4" type="stmt"/>
        <line num="38" count="4" type="stmt"/>
        <line num="41" count="4" type="cond" truecount="4" falsecount="0"/>
        <line num="42" count="1" type="stmt"/>
        <line num="49" count="3" type="stmt"/>
        <line num="52" count="3" type="cond" truecount="2" falsecount="0"/>
        <line num="53" count="1" type="stmt"/>
        <line num="57" count="2" type="stmt"/>
        <line num="60" count="2" type="cond" truecount="2" falsecount="0"/>
        <line num="61" count="1" type="stmt"/>
        <line num="65" count="1" type="stmt"/>
        <line num="68" count="1" type="stmt"/>
        <line num="70" count="3" type="stmt"/>
        <line num="75" count="2" type="stmt"/>
      </file>
    </package>
    <package name="api-online-store.helpers">
      <metrics statements="14" coveredstatements="14" conditionals="0" coveredconditionals="0" methods="4" coveredmethods="4"/>
      <file name="bcrypt.js" path="D:\Course\FSJS\file requirement job\10xers Labs\api-online-store\helpers\bcrypt.js">
        <metrics statements="7" coveredstatements="7" conditionals="0" coveredconditionals="0" methods="2" coveredmethods="2"/>
        <line num="1" count="2" type="stmt"/>
        <line num="2" count="2" type="stmt"/>
        <line num="4" count="2" type="stmt"/>
        <line num="5" count="4" type="stmt"/>
        <line num="8" count="2" type="stmt"/>
        <line num="9" count="2" type="stmt"/>
        <line num="12" count="2" type="stmt"/>
      </file>
      <file name="jwt.js" path="D:\Course\FSJS\file requirement job\10xers Labs\api-online-store\helpers\jwt.js">
        <metrics statements="7" coveredstatements="7" conditionals="0" coveredconditionals="0" methods="2" coveredmethods="2"/>
        <line num="1" count="2" type="stmt"/>
        <line num="2" count="2" type="stmt"/>
        <line num="4" count="2" type="stmt"/>
        <line num="5" count="4" type="stmt"/>
        <line num="8" count="2" type="stmt"/>
        <line num="9" count="15" type="stmt"/>
        <line num="12" count="2" type="stmt"/>
      </file>
    </package>
    <package name="api-online-store.middlewares">
      <metrics statements="42" coveredstatements="42" conditionals="16" coveredconditionals="16" methods="3" coveredmethods="3"/>
      <file name="adminAccess.js" path="D:\Course\FSJS\file requirement job\10xers Labs\api-online-store\middlewares\adminAccess.js">
        <metrics statements="8" coveredstatements="8" conditionals="2" coveredconditionals="2" methods="1" coveredmethods="1"/>
        <line num="1" count="2" type="stmt"/>
        <line num="2" count="14" type="stmt"/>
        <line num="3" count="14" type="stmt"/>
        <line num="4" count="14" type="cond" truecount="2" falsecount="0"/>
        <line num="5" count="1" type="stmt"/>
        <line num="11" count="13" type="stmt"/>
        <line num="13" count="1" type="stmt"/>
        <line num="17" count="2" type="stmt"/>
      </file>
      <file name="auth.js" path="D:\Course\FSJS\file requirement job\10xers Labs\api-online-store\middlewares\auth.js">
        <metrics statements="18" coveredstatements="18" conditionals="6" coveredconditionals="6" methods="1" coveredmethods="1"/>
        <line num="1" count="2" type="stmt"/>
        <line num="2" count="2" type="stmt"/>
        <line num="4" count="2" type="stmt"/>
        <line num="5" count="17" type="stmt"/>
        <line num="7" count="17" type="stmt"/>
        <line num="10" count="17" type="cond" truecount="2" falsecount="0"/>
        <line num="11" count="1" type="stmt"/>
        <line num="15" count="16" type="stmt"/>
        <line num="18" count="16" type="cond" truecount="2" falsecount="0"/>
        <line num="19" count="1" type="stmt"/>
        <line num="23" count="15" type="stmt"/>
        <line num="26" count="15" type="stmt"/>
        <line num="29" count="15" type="cond" truecount="2" falsecount="0"/>
        <line num="30" count="1" type="stmt"/>
        <line num="34" count="14" type="stmt"/>
        <line num="36" count="14" type="stmt"/>
        <line num="38" count="3" type="stmt"/>
        <line num="42" count="2" type="stmt"/>
      </file>
      <file name="errHandler.js" path="D:\Course\FSJS\file requirement job\10xers Labs\api-online-store\middlewares\errHandler.js">
        <metrics statements="16" coveredstatements="16" conditionals="8" coveredconditionals="8" methods="1" coveredmethods="1"/>
        <line num="1" count="2" type="stmt"/>
        <line num="2" count="16" type="cond" truecount="8" falsecount="0"/>
        <line num="4" count="4" type="stmt"/>
        <line num="5" count="4" type="stmt"/>
        <line num="8" count="2" type="stmt"/>
        <line num="9" count="2" type="stmt"/>
        <line num="12" count="5" type="stmt"/>
        <line num="13" count="5" type="stmt"/>
        <line num="15" count="1" type="stmt"/>
        <line num="16" count="1" type="stmt"/>
        <line num="18" count="3" type="stmt"/>
        <line num="19" count="3" type="stmt"/>
        <line num="21" count="1" type="stmt"/>
        <line num="22" count="1" type="stmt"/>
        <line num="23" count="1" type="stmt"/>
        <line num="27" count="2" type="stmt"/>
      </file>
    </package>
    <package name="api-online-store.models">
      <metrics statements="48" coveredstatements="47" conditionals="10" coveredconditionals="7" methods="14" coveredmethods="14"/>
      <file name="adminhistory.js" path="D:\Course\FSJS\file requirement job\10xers Labs\api-online-store\models\adminhistory.js">
        <metrics statements="6" coveredstatements="6" conditionals="0" coveredconditionals="0" methods="3" coveredmethods="3"/>
        <line num="2" count="2" type="stmt"/>
        <line num="3" count="2" type="stmt"/>
        <line num="5" count="2" type="stmt"/>
        <line num="16" count="2" type="stmt"/>
        <line num="29" count="4" type="stmt"/>
        <line num="34" count="2" type="stmt"/>
      </file>
      <file name="detail.js" path="D:\Course\FSJS\file requirement job\10xers Labs\api-online-store\models\detail.js">
        <metrics statements="7" coveredstatements="7" conditionals="0" coveredconditionals="0" methods="3" coveredmethods="3"/>
        <line num="2" count="2" type="stmt"/>
        <line num="3" count="2" type="stmt"/>
        <line num="4" count="2" type="stmt"/>
        <line num="13" count="2" type="stmt"/>
        <line num="16" count="2" type="stmt"/>
        <line num="35" count="2" type="stmt"/>
        <line num="40" count="2" type="stmt"/>
      </file>
      <file name="index.js" path="D:\Course\FSJS\file requirement job\10xers Labs\api-online-store\models\index.js">
        <metrics statements="21" coveredstatements="20" conditionals="10" coveredconditionals="7" methods="3" coveredmethods="3"/>
        <line num="3" count="2" type="stmt"/>
        <line num="4" count="2" type="stmt"/>
        <line num="5" count="2" type="stmt"/>
        <line num="6" count="2" type="stmt"/>
        <line num="7" count="2" type="stmt"/>
        <line num="8" count="2" type="cond" truecount="1" falsecount="1"/>
        <line num="9" count="2" type="stmt"/>
        <line num="10" count="2" type="stmt"/>
        <line num="13" count="2" type="cond" truecount="1" falsecount="1"/>
        <line num="14" count="0" type="stmt"/>
        <line num="16" count="2" type="stmt"/>
        <line num="19" count="2" type="stmt"/>
        <line num="22" count="10" type="stmt"/>
        <line num="30" count="8" type="stmt"/>
        <line num="31" count="8" type="stmt"/>
        <line num="34" count="2" type="stmt"/>
        <line num="35" count="8" type="cond" truecount="1" falsecount="1"/>
        <line num="36" count="8" type="stmt"/>
        <line num="40" count="2" type="stmt"/>
        <line num="41" count="2" type="stmt"/>
        <line num="43" count="2" type="stmt"/>
      </file>
      <file name="product.js" path="D:\Course\FSJS\file requirement job\10xers Labs\api-online-store\models\product.js">
        <metrics statements="6" coveredstatements="6" conditionals="0" coveredconditionals="0" methods="2" coveredmethods="2"/>
        <line num="2" count="2" type="stmt"/>
        <line num="3" count="2" type="stmt"/>
        <line num="4" count="2" type="stmt"/>
        <line num="13" count="2" type="stmt"/>
        <line num="16" count="2" type="stmt"/>
        <line num="57" count="2" type="stmt"/>
      </file>
      <file name="user.js" path="D:\Course\FSJS\file requirement job\10xers Labs\api-online-store\models\user.js">
        <metrics statements="8" coveredstatements="8" conditionals="0" coveredconditionals="0" methods="3" coveredmethods="3"/>
        <line num="2" count="2" type="stmt"/>
        <line num="3" count="2" type="stmt"/>
        <line num="4" count="2" type="stmt"/>
        <line num="5" count="2" type="stmt"/>
        <line num="16" count="2" type="stmt"/>
        <line num="55" count="4" type="stmt"/>
        <line num="56" count="4" type="stmt"/>
        <line num="61" count="2" type="stmt"/>
      </file>
    </package>
    <package name="api-online-store.routes">
      <metrics statements="23" coveredstatements="23" conditionals="0" coveredconditionals="0" methods="0" coveredmethods="0"/>
      <file name="index.js" path="D:\Course\FSJS\file requirement job\10xers Labs\api-online-store\routes\index.js">
        <metrics statements="5" coveredstatements="5" conditionals="0" coveredconditionals="0" methods="0" coveredmethods="0"/>
        <line num="1" count="2" type="stmt"/>
        <line num="2" count="2" type="stmt"/>
        <line num="5" count="2" type="stmt"/>
        <line num="6" count="2" type="stmt"/>
        <line num="8" count="2" type="stmt"/>
      </file>
      <file name="productRoute.js" path="D:\Course\FSJS\file requirement job\10xers Labs\api-online-store\routes\productRoute.js">
        <metrics statements="12" coveredstatements="12" conditionals="0" coveredconditionals="0" methods="0" coveredmethods="0"/>
        <line num="1" count="2" type="stmt"/>
        <line num="2" count="2" type="stmt"/>
        <line num="5" count="2" type="stmt"/>
        <line num="8" count="2" type="stmt"/>
        <line num="11" count="2" type="stmt"/>
        <line num="12" count="2" type="stmt"/>
        <line num="15" count="2" type="stmt"/>
        <line num="16" count="2" type="stmt"/>
        <line num="17" count="2" type="stmt"/>
        <line num="18" count="2" type="stmt"/>
        <line num="19" count="2" type="stmt"/>
        <line num="21" count="2" type="stmt"/>
      </file>
      <file name="userRoute.js" path="D:\Course\FSJS\file requirement job\10xers Labs\api-online-store\routes\userRoute.js">
        <metrics statements="6" coveredstatements="6" conditionals="0" coveredconditionals="0" methods="0" coveredmethods="0"/>
        <line num="1" count="2" type="stmt"/>
        <line num="2" count="2" type="stmt"/>
        <line num="5" count="2" type="stmt"/>
        <line num="8" count="2" type="stmt"/>
        <line num="9" count="2" type="stmt"/>
        <line num="11" count="2" type="stmt"/>
      </file>
    </package>
  </project>
</coverage>
