{"D:\\Course\\FSJS\\file requirement job\\10xers Labs\\api-online-store\\app.js": {"path":"D:\\Course\\FSJS\\file requirement job\\10xers Labs\\api-online-store\\app.js","statementMap":{"0":{"start":{"line":1,"column":0},"end":{"line":3,"column":1}},"1":{"start":{"line":2,"column":2},"end":{"line":2,"column":29}},"2":{"start":{"line":5,"column":16},"end":{"line":5,"column":34}},"3":{"start":{"line":6,"column":12},"end":{"line":6,"column":21}},"4":{"start":{"line":9,"column":13},"end":{"line":9,"column":28}},"5":{"start":{"line":10,"column":0},"end":{"line":10,"column":16}},"6":{"start":{"line":12,"column":0},"end":{"line":12,"column":49}},"7":{"start":{"line":13,"column":0},"end":{"line":13,"column":24}},"8":{"start":{"line":16,"column":0},"end":{"line":16,"column":29}},"9":{"start":{"line":19,"column":0},"end":{"line":19,"column":45}},"10":{"start":{"line":21,"column":0},"end":{"line":21,"column":21}}},"fnMap":{},"branchMap":{"0":{"loc":{"start":{"line":1,"column":0},"end":{"line":3,"column":1}},"type":"if","locations":[{"start":{"line":1,"column":0},"end":{"line":3,"column":1}},{"start":{},"end":{}}],"line":1}},"s":{"0":2,"1":2,"2":2,"3":2,"4":2,"5":2,"6":2,"7":2,"8":2,"9":2,"10":2},"f":{},"b":{"0":[2,0]},"_coverageSchema":"1a1c01bbd47fc00a2c39e90264f33305004495a9","hash":"e1a6fe0eba756cd707a673edc84a40f33891c744"}
,"D:\\Course\\FSJS\\file requirement job\\10xers Labs\\api-online-store\\controllers\\ProductController.js": {"path":"D:\\Course\\FSJS\\file requirement job\\10xers Labs\\api-online-store\\controllers\\ProductController.js","statementMap":{"0":{"start":{"line":1,"column":17},"end":{"line":1,"column":34}},"1":{"start":{"line":2,"column":53},"end":{"line":2,"column":73}},"2":{"start":{"line":3,"column":15},"end":{"line":3,"column":35}},"3":{"start":{"line":7,"column":4},"end":{"line":60,"column":5}},"4":{"start":{"line":9,"column":31},"end":{"line":9,"column":40}},"5":{"start":{"line":12,"column":21},"end":{"line":22,"column":7}},"6":{"start":{"line":25,"column":6},"end":{"line":29,"column":7}},"7":{"start":{"line":26,"column":8},"end":{"line":28,"column":10}},"8":{"start":{"line":32,"column":18},"end":{"line":32,"column":19}},"9":{"start":{"line":33,"column":23},"end":{"line":33,"column":24}},"10":{"start":{"line":36,"column":6},"end":{"line":42,"column":7}},"11":{"start":{"line":37,"column":8},"end":{"line":37,"column":26}},"12":{"start":{"line":38,"column":8},"end":{"line":38,"column":49}},"13":{"start":{"line":39,"column":8},"end":{"line":39,"column":29}},"14":{"start":{"line":41,"column":8},"end":{"line":41,"column":29}},"15":{"start":{"line":45,"column":30},"end":{"line":45,"column":67}},"16":{"start":{"line":48,"column":6},"end":{"line":57,"column":9}},"17":{"start":{"line":59,"column":6},"end":{"line":59,"column":18}},"18":{"start":{"line":65,"column":14},"end":{"line":65,"column":43}},"19":{"start":{"line":67,"column":4},"end":{"line":137,"column":5}},"20":{"start":{"line":69,"column":24},"end":{"line":69,"column":30}},"21":{"start":{"line":87,"column":10},"end":{"line":87,"column":18}},"22":{"start":{"line":90,"column":26},"end":{"line":96,"column":7}},"23":{"start":{"line":99,"column":25},"end":{"line":111,"column":7}},"24":{"start":{"line":114,"column":26},"end":{"line":118,"column":7}},"25":{"start":{"line":121,"column":25},"end":{"line":121,"column":78}},"26":{"start":{"line":122,"column":24},"end":{"line":122,"column":75}},"27":{"start":{"line":123,"column":6},"end":{"line":123,"column":65}},"28":{"start":{"line":126,"column":6},"end":{"line":126,"column":23}},"29":{"start":{"line":129,"column":6},"end":{"line":133,"column":9}},"30":{"start":{"line":135,"column":6},"end":{"line":135,"column":25}},"31":{"start":{"line":136,"column":6},"end":{"line":136,"column":18}},"32":{"start":{"line":142,"column":14},"end":{"line":142,"column":43}},"33":{"start":{"line":144,"column":4},"end":{"line":206,"column":5}},"34":{"start":{"line":146,"column":56},"end":{"line":146,"column":64}},"35":{"start":{"line":147,"column":21},"end":{"line":147,"column":32}},"36":{"start":{"line":150,"column":6},"end":{"line":152,"column":7}},"37":{"start":{"line":151,"column":8},"end":{"line":151,"column":74}},"38":{"start":{"line":155,"column":22},"end":{"line":158,"column":7}},"39":{"start":{"line":160,"column":6},"end":{"line":162,"column":7}},"40":{"start":{"line":161,"column":8},"end":{"line":161,"column":66}},"41":{"start":{"line":165,"column":25},"end":{"line":165,"column":27}},"42":{"start":{"line":166,"column":24},"end":{"line":166,"column":26}},"43":{"start":{"line":167,"column":21},"end":{"line":172,"column":7}},"44":{"start":{"line":175,"column":6},"end":{"line":182,"column":7}},"45":{"start":{"line":176,"column":8},"end":{"line":181,"column":9}},"46":{"start":{"line":177,"column":10},"end":{"line":177,"column":31}},"47":{"start":{"line":179,"column":10},"end":{"line":179,"column":52}},"48":{"start":{"line":180,"column":10},"end":{"line":180,"column":52}},"49":{"start":{"line":185,"column":26},"end":{"line":191,"column":7}},"50":{"start":{"line":194,"column":6},"end":{"line":194,"column":57}},"51":{"start":{"line":197,"column":6},"end":{"line":197,"column":65}},"52":{"start":{"line":200,"column":6},"end":{"line":200,"column":23}},"53":{"start":{"line":202,"column":6},"end":{"line":202,"column":79}},"54":{"start":{"line":204,"column":6},"end":{"line":204,"column":19}},"55":{"start":{"line":205,"column":6},"end":{"line":205,"column":18}},"56":{"start":{"line":211,"column":14},"end":{"line":211,"column":43}},"57":{"start":{"line":213,"column":4},"end":{"line":301,"column":5}},"58":{"start":{"line":215,"column":28},"end":{"line":215,"column":36}},"59":{"start":{"line":218,"column":6},"end":{"line":220,"column":7}},"60":{"start":{"line":219,"column":8},"end":{"line":219,"column":75}},"61":{"start":{"line":223,"column":22},"end":{"line":225,"column":8}},"62":{"start":{"line":226,"column":6},"end":{"line":228,"column":7}},"63":{"start":{"line":227,"column":8},"end":{"line":227,"column":66}},"64":{"start":{"line":231,"column":21},"end":{"line":231,"column":67}},"65":{"start":{"line":234,"column":6},"end":{"line":236,"column":7}},"66":{"start":{"line":235,"column":8},"end":{"line":235,"column":65}},"67":{"start":{"line":250,"column":10},"end":{"line":250,"column":18}},"68":{"start":{"line":252,"column":21},"end":{"line":263,"column":7}},"69":{"start":{"line":265,"column":25},"end":{"line":265,"column":27}},"70":{"start":{"line":266,"column":24},"end":{"line":266,"column":26}},"71":{"start":{"line":269,"column":6},"end":{"line":276,"column":7}},"72":{"start":{"line":270,"column":8},"end":{"line":275,"column":9}},"73":{"start":{"line":271,"column":10},"end":{"line":271,"column":31}},"74":{"start":{"line":273,"column":10},"end":{"line":273,"column":51}},"75":{"start":{"line":274,"column":10},"end":{"line":274,"column":52}},"76":{"start":{"line":279,"column":26},"end":{"line":285,"column":7}},"77":{"start":{"line":288,"column":6},"end":{"line":288,"column":56}},"78":{"start":{"line":289,"column":6},"end":{"line":289,"column":65}},"79":{"start":{"line":292,"column":6},"end":{"line":292,"column":23}},"80":{"start":{"line":295,"column":6},"end":{"line":297,"column":72}},"81":{"start":{"line":299,"column":6},"end":{"line":299,"column":25}},"82":{"start":{"line":300,"column":6},"end":{"line":300,"column":18}},"83":{"start":{"line":306,"column":14},"end":{"line":306,"column":43}},"84":{"start":{"line":308,"column":4},"end":{"line":356,"column":5}},"85":{"start":{"line":310,"column":28},"end":{"line":310,"column":36}},"86":{"start":{"line":313,"column":6},"end":{"line":315,"column":7}},"87":{"start":{"line":314,"column":8},"end":{"line":314,"column":75}},"88":{"start":{"line":318,"column":27},"end":{"line":320,"column":8}},"89":{"start":{"line":322,"column":6},"end":{"line":324,"column":7}},"90":{"start":{"line":323,"column":8},"end":{"line":323,"column":66}},"91":{"start":{"line":327,"column":26},"end":{"line":331,"column":7}},"92":{"start":{"line":335,"column":6},"end":{"line":335,"column":72}},"93":{"start":{"line":338,"column":25},"end":{"line":342,"column":7}},"94":{"start":{"line":345,"column":6},"end":{"line":345,"column":65}},"95":{"start":{"line":348,"column":6},"end":{"line":348,"column":23}},"96":{"start":{"line":350,"column":6},"end":{"line":352,"column":73}},"97":{"start":{"line":354,"column":6},"end":{"line":354,"column":25}},"98":{"start":{"line":355,"column":6},"end":{"line":355,"column":18}},"99":{"start":{"line":360,"column":4},"end":{"line":403,"column":5}},"100":{"start":{"line":362,"column":31},"end":{"line":362,"column":40}},"101":{"start":{"line":365,"column":21},"end":{"line":369,"column":7}},"102":{"start":{"line":371,"column":6},"end":{"line":375,"column":7}},"103":{"start":{"line":372,"column":8},"end":{"line":374,"column":10}},"104":{"start":{"line":377,"column":18},"end":{"line":377,"column":19}},"105":{"start":{"line":378,"column":23},"end":{"line":378,"column":24}},"106":{"start":{"line":379,"column":6},"end":{"line":385,"column":7}},"107":{"start":{"line":380,"column":8},"end":{"line":380,"column":26}},"108":{"start":{"line":381,"column":8},"end":{"line":381,"column":49}},"109":{"start":{"line":382,"column":8},"end":{"line":382,"column":29}},"110":{"start":{"line":384,"column":8},"end":{"line":384,"column":29}},"111":{"start":{"line":388,"column":30},"end":{"line":388,"column":67}},"112":{"start":{"line":391,"column":6},"end":{"line":400,"column":9}},"113":{"start":{"line":402,"column":6},"end":{"line":402,"column":18}},"114":{"start":{"line":407,"column":0},"end":{"line":407,"column":35}}},"fnMap":{"0":{"name":"(anonymous_0)","decl":{"start":{"line":6,"column":2},"end":{"line":6,"column":3}},"loc":{"start":{"line":6,"column":38},"end":{"line":61,"column":3}},"line":6},"1":{"name":"(anonymous_1)","decl":{"start":{"line":63,"column":2},"end":{"line":63,"column":3}},"loc":{"start":{"line":63,"column":35},"end":{"line":138,"column":3}},"line":63},"2":{"name":"(anonymous_2)","decl":{"start":{"line":140,"column":2},"end":{"line":140,"column":3}},"loc":{"start":{"line":140,"column":36},"end":{"line":207,"column":3}},"line":140},"3":{"name":"(anonymous_3)","decl":{"start":{"line":209,"column":2},"end":{"line":209,"column":3}},"loc":{"start":{"line":209,"column":42},"end":{"line":302,"column":3}},"line":209},"4":{"name":"(anonymous_4)","decl":{"start":{"line":304,"column":2},"end":{"line":304,"column":3}},"loc":{"start":{"line":304,"column":38},"end":{"line":357,"column":3}},"line":304},"5":{"name":"(anonymous_5)","decl":{"start":{"line":359,"column":2},"end":{"line":359,"column":3}},"loc":{"start":{"line":359,"column":49},"end":{"line":404,"column":3}},"line":359}},"branchMap":{"0":{"loc":{"start":{"line":25,"column":6},"end":{"line":29,"column":7}},"type":"if","locations":[{"start":{"line":25,"column":6},"end":{"line":29,"column":7}},{"start":{},"end":{}}],"line":25},"1":{"loc":{"start":{"line":36,"column":6},"end":{"line":42,"column":7}},"type":"if","locations":[{"start":{"line":36,"column":6},"end":{"line":42,"column":7}},{"start":{"line":40,"column":13},"end":{"line":42,"column":7}}],"line":36},"2":{"loc":{"start":{"line":51,"column":16},"end":{"line":51,"column":26}},"type":"binary-expr","locations":[{"start":{"line":51,"column":16},"end":{"line":51,"column":21}},{"start":{"line":51,"column":25},"end":{"line":51,"column":26}}],"line":51},"3":{"loc":{"start":{"line":150,"column":6},"end":{"line":152,"column":7}},"type":"if","locations":[{"start":{"line":150,"column":6},"end":{"line":152,"column":7}},{"start":{},"end":{}}],"line":150},"4":{"loc":{"start":{"line":160,"column":6},"end":{"line":162,"column":7}},"type":"if","locations":[{"start":{"line":160,"column":6},"end":{"line":162,"column":7}},{"start":{},"end":{}}],"line":160},"5":{"loc":{"start":{"line":176,"column":8},"end":{"line":181,"column":9}},"type":"if","locations":[{"start":{"line":176,"column":8},"end":{"line":181,"column":9}},{"start":{"line":178,"column":15},"end":{"line":181,"column":9}}],"line":176},"6":{"loc":{"start":{"line":176,"column":12},"end":{"line":176,"column":49}},"type":"binary-expr","locations":[{"start":{"line":176,"column":12},"end":{"line":176,"column":26}},{"start":{"line":176,"column":30},"end":{"line":176,"column":49}}],"line":176},"7":{"loc":{"start":{"line":218,"column":6},"end":{"line":220,"column":7}},"type":"if","locations":[{"start":{"line":218,"column":6},"end":{"line":220,"column":7}},{"start":{},"end":{}}],"line":218},"8":{"loc":{"start":{"line":226,"column":6},"end":{"line":228,"column":7}},"type":"if","locations":[{"start":{"line":226,"column":6},"end":{"line":228,"column":7}},{"start":{},"end":{}}],"line":226},"9":{"loc":{"start":{"line":234,"column":6},"end":{"line":236,"column":7}},"type":"if","locations":[{"start":{"line":234,"column":6},"end":{"line":236,"column":7}},{"start":{},"end":{}}],"line":234},"10":{"loc":{"start":{"line":270,"column":8},"end":{"line":275,"column":9}},"type":"if","locations":[{"start":{"line":270,"column":8},"end":{"line":275,"column":9}},{"start":{"line":272,"column":15},"end":{"line":275,"column":9}}],"line":270},"11":{"loc":{"start":{"line":270,"column":12},"end":{"line":270,"column":49}},"type":"binary-expr","locations":[{"start":{"line":270,"column":12},"end":{"line":270,"column":26}},{"start":{"line":270,"column":30},"end":{"line":270,"column":49}}],"line":270},"12":{"loc":{"start":{"line":313,"column":6},"end":{"line":315,"column":7}},"type":"if","locations":[{"start":{"line":313,"column":6},"end":{"line":315,"column":7}},{"start":{},"end":{}}],"line":313},"13":{"loc":{"start":{"line":322,"column":6},"end":{"line":324,"column":7}},"type":"if","locations":[{"start":{"line":322,"column":6},"end":{"line":324,"column":7}},{"start":{},"end":{}}],"line":322},"14":{"loc":{"start":{"line":371,"column":6},"end":{"line":375,"column":7}},"type":"if","locations":[{"start":{"line":371,"column":6},"end":{"line":375,"column":7}},{"start":{},"end":{}}],"line":371},"15":{"loc":{"start":{"line":379,"column":6},"end":{"line":385,"column":7}},"type":"if","locations":[{"start":{"line":379,"column":6},"end":{"line":385,"column":7}},{"start":{"line":383,"column":13},"end":{"line":385,"column":7}}],"line":379},"16":{"loc":{"start":{"line":394,"column":16},"end":{"line":394,"column":26}},"type":"binary-expr","locations":[{"start":{"line":394,"column":16},"end":{"line":394,"column":21}},{"start":{"line":394,"column":25},"end":{"line":394,"column":26}}],"line":394}},"s":{"0":2,"1":2,"2":2,"3":2,"4":2,"5":2,"6":2,"7":0,"8":2,"9":2,"10":2,"11":1,"12":1,"13":1,"14":1,"15":2,"16":2,"17":0,"18":2,"19":2,"20":2,"21":2,"22":2,"23":2,"24":2,"25":2,"26":1,"27":1,"28":1,"29":1,"30":1,"31":1,"32":3,"33":3,"34":3,"35":3,"36":3,"37":1,"38":2,"39":2,"40":1,"41":1,"42":1,"43":1,"44":1,"45":4,"46":2,"47":2,"48":2,"49":1,"50":1,"51":1,"52":1,"53":1,"54":2,"55":2,"56":4,"57":4,"58":4,"59":4,"60":1,"61":3,"62":2,"63":1,"64":1,"65":1,"66":0,"67":1,"68":1,"69":1,"70":1,"71":1,"72":10,"73":8,"74":2,"75":2,"76":1,"77":1,"78":1,"79":1,"80":1,"81":3,"82":3,"83":3,"84":3,"85":3,"86":3,"87":1,"88":2,"89":2,"90":1,"91":1,"92":1,"93":1,"94":1,"95":1,"96":1,"97":2,"98":2,"99":2,"100":2,"101":2,"102":2,"103":1,"104":2,"105":2,"106":2,"107":1,"108":1,"109":1,"110":1,"111":2,"112":2,"113":0,"114":2},"f":{"0":2,"1":2,"2":3,"3":4,"4":3,"5":2},"b":{"0":[0,2],"1":[1,1],"2":[2,1],"3":[1,2],"4":[1,1],"5":[2,2],"6":[4,2],"7":[1,3],"8":[1,1],"9":[0,1],"10":[8,2],"11":[10,8],"12":[1,2],"13":[1,1],"14":[1,1],"15":[1,1],"16":[2,1]},"_coverageSchema":"1a1c01bbd47fc00a2c39e90264f33305004495a9","hash":"7a82b1d512496b787102a7c810c635e7e8231704"}
,"D:\\Course\\FSJS\\file requirement job\\10xers Labs\\api-online-store\\controllers\\UserController.js": {"path":"D:\\Course\\FSJS\\file requirement job\\10xers Labs\\api-online-store\\controllers\\UserController.js","statementMap":{"0":{"start":{"line":1,"column":28},"end":{"line":1,"column":56}},"1":{"start":{"line":2,"column":22},"end":{"line":2,"column":47}},"2":{"start":{"line":3,"column":17},"end":{"line":3,"column":37}},"3":{"start":{"line":7,"column":4},"end":{"line":32,"column":5}},"4":{"start":{"line":9,"column":44},"end":{"line":9,"column":52}},"5":{"start":{"line":12,"column":19},"end":{"line":16,"column":7}},"6":{"start":{"line":19,"column":22},"end":{"line":19,"column":45}},"7":{"start":{"line":22,"column":6},"end":{"line":29,"column":9}},"8":{"start":{"line":31,"column":6},"end":{"line":31,"column":18}},"9":{"start":{"line":36,"column":4},"end":{"line":71,"column":5}},"10":{"start":{"line":38,"column":34},"end":{"line":38,"column":42}},"11":{"start":{"line":41,"column":6},"end":{"line":46,"column":7}},"12":{"start":{"line":42,"column":8},"end":{"line":45,"column":10}},"13":{"start":{"line":49,"column":19},"end":{"line":49,"column":59}},"14":{"start":{"line":52,"column":6},"end":{"line":54,"column":7}},"15":{"start":{"line":53,"column":8},"end":{"line":53,"column":77}},"16":{"start":{"line":57,"column":25},"end":{"line":57,"column":65}},"17":{"start":{"line":60,"column":6},"end":{"line":62,"column":7}},"18":{"start":{"line":61,"column":8},"end":{"line":61,"column":80}},"19":{"start":{"line":65,"column":26},"end":{"line":65,"column":52}},"20":{"start":{"line":68,"column":6},"end":{"line":68,"column":77}},"21":{"start":{"line":70,"column":6},"end":{"line":70,"column":18}},"22":{"start":{"line":75,"column":0},"end":{"line":75,"column":32}}},"fnMap":{"0":{"name":"(anonymous_0)","decl":{"start":{"line":6,"column":2},"end":{"line":6,"column":3}},"loc":{"start":{"line":6,"column":40},"end":{"line":33,"column":3}},"line":6},"1":{"name":"(anonymous_1)","decl":{"start":{"line":35,"column":2},"end":{"line":35,"column":3}},"loc":{"start":{"line":35,"column":37},"end":{"line":72,"column":3}},"line":35}},"branchMap":{"0":{"loc":{"start":{"line":41,"column":6},"end":{"line":46,"column":7}},"type":"if","locations":[{"start":{"line":41,"column":6},"end":{"line":46,"column":7}},{"start":{},"end":{}}],"line":41},"1":{"loc":{"start":{"line":41,"column":10},"end":{"line":41,"column":29}},"type":"binary-expr","locations":[{"start":{"line":41,"column":10},"end":{"line":41,"column":16}},{"start":{"line":41,"column":20},"end":{"line":41,"column":29}}],"line":41},"2":{"loc":{"start":{"line":52,"column":6},"end":{"line":54,"column":7}},"type":"if","locations":[{"start":{"line":52,"column":6},"end":{"line":54,"column":7}},{"start":{},"end":{}}],"line":52},"3":{"loc":{"start":{"line":60,"column":6},"end":{"line":62,"column":7}},"type":"if","locations":[{"start":{"line":60,"column":6},"end":{"line":62,"column":7}},{"start":{},"end":{}}],"line":60}},"s":{"0":2,"1":2,"2":2,"3":2,"4":2,"5":2,"6":2,"7":1,"8":1,"9":4,"10":4,"11":4,"12":1,"13":3,"14":3,"15":1,"16":2,"17":2,"18":1,"19":1,"20":1,"21":3,"22":2},"f":{"0":2,"1":4},"b":{"0":[1,3],"1":[4,4],"2":[1,2],"3":[1,1]},"_coverageSchema":"1a1c01bbd47fc00a2c39e90264f33305004495a9","hash":"ba58bcd86eeebda629be9464de597df5d600fe2a"}
,"D:\\Course\\FSJS\\file requirement job\\10xers Labs\\api-online-store\\helpers\\bcrypt.js": {"path":"D:\\Course\\FSJS\\file requirement job\\10xers Labs\\api-online-store\\helpers\\bcrypt.js","statementMap":{"0":{"start":{"line":1,"column":15},"end":{"line":1,"column":34}},"1":{"start":{"line":2,"column":13},"end":{"line":2,"column":35}},"2":{"start":{"line":4,"column":21},"end":{"line":6,"column":1}},"3":{"start":{"line":5,"column":2},"end":{"line":5,"column":41}},"4":{"start":{"line":8,"column":24},"end":{"line":10,"column":1}},"5":{"start":{"line":9,"column":2},"end":{"line":9,"column":44}},"6":{"start":{"line":12,"column":0},"end":{"line":12,"column":51}}},"fnMap":{"0":{"name":"(anonymous_0)","decl":{"start":{"line":4,"column":21},"end":{"line":4,"column":22}},"loc":{"start":{"line":4,"column":35},"end":{"line":6,"column":1}},"line":4},"1":{"name":"(anonymous_1)","decl":{"start":{"line":8,"column":24},"end":{"line":8,"column":25}},"loc":{"start":{"line":8,"column":44},"end":{"line":10,"column":1}},"line":8}},"branchMap":{},"s":{"0":2,"1":2,"2":2,"3":4,"4":2,"5":2,"6":2},"f":{"0":4,"1":2},"b":{},"_coverageSchema":"1a1c01bbd47fc00a2c39e90264f33305004495a9","hash":"6aae3c9ee7d720a34ba6262511a706db3b415a9c"}
,"D:\\Course\\FSJS\\file requirement job\\10xers Labs\\api-online-store\\helpers\\jwt.js": {"path":"D:\\Course\\FSJS\\file requirement job\\10xers Labs\\api-online-store\\helpers\\jwt.js","statementMap":{"0":{"start":{"line":1,"column":12},"end":{"line":1,"column":35}},"1":{"start":{"line":2,"column":18},"end":{"line":2,"column":40}},"2":{"start":{"line":4,"column":18},"end":{"line":6,"column":1}},"3":{"start":{"line":5,"column":2},"end":{"line":5,"column":38}},"4":{"start":{"line":8,"column":20},"end":{"line":10,"column":1}},"5":{"start":{"line":9,"column":2},"end":{"line":9,"column":38}},"6":{"start":{"line":12,"column":0},"end":{"line":12,"column":44}}},"fnMap":{"0":{"name":"(anonymous_0)","decl":{"start":{"line":4,"column":18},"end":{"line":4,"column":19}},"loc":{"start":{"line":4,"column":31},"end":{"line":6,"column":1}},"line":4},"1":{"name":"(anonymous_1)","decl":{"start":{"line":8,"column":20},"end":{"line":8,"column":21}},"loc":{"start":{"line":8,"column":31},"end":{"line":10,"column":1}},"line":8}},"branchMap":{},"s":{"0":2,"1":2,"2":2,"3":4,"4":2,"5":18,"6":2},"f":{"0":4,"1":18},"b":{},"_coverageSchema":"1a1c01bbd47fc00a2c39e90264f33305004495a9","hash":"e05c334cef8ad0b7a480465f2b4ca037eebd9039"}
,"D:\\Course\\FSJS\\file requirement job\\10xers Labs\\api-online-store\\middlewares\\adminAccess.js": {"path":"D:\\Course\\FSJS\\file requirement job\\10xers Labs\\api-online-store\\middlewares\\adminAccess.js","statementMap":{"0":{"start":{"line":1,"column":20},"end":{"line":15,"column":1}},"1":{"start":{"line":2,"column":2},"end":{"line":14,"column":3}},"2":{"start":{"line":3,"column":17},"end":{"line":3,"column":30}},"3":{"start":{"line":4,"column":4},"end":{"line":9,"column":5}},"4":{"start":{"line":5,"column":6},"end":{"line":8,"column":8}},"5":{"start":{"line":11,"column":4},"end":{"line":11,"column":11}},"6":{"start":{"line":13,"column":4},"end":{"line":13,"column":16}},"7":{"start":{"line":17,"column":0},"end":{"line":17,"column":29}}},"fnMap":{"0":{"name":"(anonymous_0)","decl":{"start":{"line":1,"column":20},"end":{"line":1,"column":21}},"loc":{"start":{"line":1,"column":46},"end":{"line":15,"column":1}},"line":1}},"branchMap":{"0":{"loc":{"start":{"line":4,"column":4},"end":{"line":9,"column":5}},"type":"if","locations":[{"start":{"line":4,"column":4},"end":{"line":9,"column":5}},{"start":{},"end":{}}],"line":4}},"s":{"0":2,"1":15,"2":15,"3":15,"4":1,"5":14,"6":1,"7":2},"f":{"0":15},"b":{"0":[1,14]},"_coverageSchema":"1a1c01bbd47fc00a2c39e90264f33305004495a9","hash":"cc5c2e85961e5f7d21bbda73a05211dcd4fac2e2"}
,"D:\\Course\\FSJS\\file requirement job\\10xers Labs\\api-online-store\\middlewares\\auth.js": {"path":"D:\\Course\\FSJS\\file requirement job\\10xers Labs\\api-online-store\\middlewares\\auth.js","statementMap":{"0":{"start":{"line":1,"column":24},"end":{"line":1,"column":49}},"1":{"start":{"line":2,"column":17},"end":{"line":2,"column":37}},"2":{"start":{"line":4,"column":13},"end":{"line":40,"column":1}},"3":{"start":{"line":5,"column":2},"end":{"line":39,"column":3}},"4":{"start":{"line":7,"column":30},"end":{"line":7,"column":41}},"5":{"start":{"line":10,"column":4},"end":{"line":12,"column":5}},"6":{"start":{"line":11,"column":6},"end":{"line":11,"column":64}},"7":{"start":{"line":15,"column":26},"end":{"line":15,"column":50}},"8":{"start":{"line":18,"column":4},"end":{"line":20,"column":5}},"9":{"start":{"line":19,"column":6},"end":{"line":19,"column":64}},"10":{"start":{"line":23,"column":24},"end":{"line":23,"column":42}},"11":{"start":{"line":26,"column":17},"end":{"line":26,"column":70}},"12":{"start":{"line":29,"column":4},"end":{"line":31,"column":5}},"13":{"start":{"line":30,"column":6},"end":{"line":30,"column":63}},"14":{"start":{"line":34,"column":4},"end":{"line":34,"column":20}},"15":{"start":{"line":36,"column":4},"end":{"line":36,"column":11}},"16":{"start":{"line":38,"column":4},"end":{"line":38,"column":16}},"17":{"start":{"line":42,"column":0},"end":{"line":42,"column":22}}},"fnMap":{"0":{"name":"(anonymous_0)","decl":{"start":{"line":4,"column":13},"end":{"line":4,"column":14}},"loc":{"start":{"line":4,"column":39},"end":{"line":40,"column":1}},"line":4}},"branchMap":{"0":{"loc":{"start":{"line":10,"column":4},"end":{"line":12,"column":5}},"type":"if","locations":[{"start":{"line":10,"column":4},"end":{"line":12,"column":5}},{"start":{},"end":{}}],"line":10},"1":{"loc":{"start":{"line":18,"column":4},"end":{"line":20,"column":5}},"type":"if","locations":[{"start":{"line":18,"column":4},"end":{"line":20,"column":5}},{"start":{},"end":{}}],"line":18},"2":{"loc":{"start":{"line":29,"column":4},"end":{"line":31,"column":5}},"type":"if","locations":[{"start":{"line":29,"column":4},"end":{"line":31,"column":5}},{"start":{},"end":{}}],"line":29}},"s":{"0":2,"1":2,"2":2,"3":20,"4":20,"5":20,"6":1,"7":19,"8":19,"9":1,"10":18,"11":18,"12":18,"13":1,"14":17,"15":17,"16":3,"17":2},"f":{"0":20},"b":{"0":[1,19],"1":[1,18],"2":[1,17]},"_coverageSchema":"1a1c01bbd47fc00a2c39e90264f33305004495a9","hash":"b63d582eb1ae6839d4b9438e1c31e2ee07f51282"}
,"D:\\Course\\FSJS\\file requirement job\\10xers Labs\\api-online-store\\middlewares\\errHandler.js": {"path":"D:\\Course\\FSJS\\file requirement job\\10xers Labs\\api-online-store\\middlewares\\errHandler.js","statementMap":{"0":{"start":{"line":1,"column":19},"end":{"line":25,"column":1}},"1":{"start":{"line":2,"column":2},"end":{"line":24,"column":3}},"2":{"start":{"line":4,"column":6},"end":{"line":4,"column":53}},"3":{"start":{"line":5,"column":6},"end":{"line":5,"column":12}},"4":{"start":{"line":8,"column":6},"end":{"line":8,"column":63}},"5":{"start":{"line":9,"column":6},"end":{"line":9,"column":12}},"6":{"start":{"line":12,"column":6},"end":{"line":12,"column":53}},"7":{"start":{"line":13,"column":6},"end":{"line":13,"column":12}},"8":{"start":{"line":15,"column":6},"end":{"line":15,"column":53}},"9":{"start":{"line":16,"column":6},"end":{"line":16,"column":12}},"10":{"start":{"line":18,"column":6},"end":{"line":18,"column":53}},"11":{"start":{"line":19,"column":6},"end":{"line":19,"column":12}},"12":{"start":{"line":21,"column":6},"end":{"line":21,"column":23}},"13":{"start":{"line":22,"column":6},"end":{"line":22,"column":65}},"14":{"start":{"line":23,"column":6},"end":{"line":23,"column":12}},"15":{"start":{"line":27,"column":0},"end":{"line":27,"column":28}}},"fnMap":{"0":{"name":"(anonymous_0)","decl":{"start":{"line":1,"column":19},"end":{"line":1,"column":20}},"loc":{"start":{"line":1,"column":44},"end":{"line":25,"column":1}},"line":1}},"branchMap":{"0":{"loc":{"start":{"line":2,"column":2},"end":{"line":24,"column":3}},"type":"switch","locations":[{"start":{"line":3,"column":4},"end":{"line":5,"column":12}},{"start":{"line":6,"column":4},"end":{"line":6,"column":36}},{"start":{"line":7,"column":4},"end":{"line":9,"column":12}},{"start":{"line":10,"column":4},"end":{"line":10,"column":24}},{"start":{"line":11,"column":4},"end":{"line":13,"column":12}},{"start":{"line":14,"column":4},"end":{"line":16,"column":12}},{"start":{"line":17,"column":4},"end":{"line":19,"column":12}},{"start":{"line":20,"column":4},"end":{"line":23,"column":12}}],"line":2}},"s":{"0":2,"1":16,"2":4,"3":4,"4":2,"5":2,"6":5,"7":5,"8":1,"9":1,"10":3,"11":3,"12":1,"13":1,"14":1,"15":2},"f":{"0":16},"b":{"0":[4,1,2,3,5,1,3,1]},"_coverageSchema":"1a1c01bbd47fc00a2c39e90264f33305004495a9","hash":"39f4a7bbcd9c30cc78126dbee57531f17db77173"}
,"D:\\Course\\FSJS\\file requirement job\\10xers Labs\\api-online-store\\models\\adminhistory.js": {"path":"D:\\Course\\FSJS\\file requirement job\\10xers Labs\\api-online-store\\models\\adminhistory.js","statementMap":{"0":{"start":{"line":2,"column":18},"end":{"line":2,"column":38}},"1":{"start":{"line":3,"column":17},"end":{"line":3,"column":34}},"2":{"start":{"line":5,"column":0},"end":{"line":35,"column":2}},"3":{"start":{"line":16,"column":2},"end":{"line":33,"column":4}},"4":{"start":{"line":29,"column":10},"end":{"line":29,"column":30}},"5":{"start":{"line":34,"column":2},"end":{"line":34,"column":22}}},"fnMap":{"0":{"name":"(anonymous_0)","decl":{"start":{"line":5,"column":17},"end":{"line":5,"column":18}},"loc":{"start":{"line":5,"column":43},"end":{"line":35,"column":1}},"line":5},"1":{"name":"(anonymous_1)","decl":{"start":{"line":12,"column":4},"end":{"line":12,"column":5}},"loc":{"start":{"line":12,"column":29},"end":{"line":14,"column":5}},"line":12},"2":{"name":"(anonymous_2)","decl":{"start":{"line":28,"column":8},"end":{"line":28,"column":9}},"loc":{"start":{"line":28,"column":30},"end":{"line":30,"column":9}},"line":28}},"branchMap":{},"s":{"0":2,"1":2,"2":2,"3":2,"4":4,"5":2},"f":{"0":2,"1":2,"2":4},"b":{},"_coverageSchema":"1a1c01bbd47fc00a2c39e90264f33305004495a9","hash":"0f0bef56d713ebf8544d2a36c6d79b74667f404f"}
,"D:\\Course\\FSJS\\file requirement job\\10xers Labs\\api-online-store\\models\\detail.js": {"path":"D:\\Course\\FSJS\\file requirement job\\10xers Labs\\api-online-store\\models\\detail.js","statementMap":{"0":{"start":{"line":2,"column":18},"end":{"line":2,"column":38}},"1":{"start":{"line":3,"column":17},"end":{"line":3,"column":34}},"2":{"start":{"line":4,"column":0},"end":{"line":41,"column":2}},"3":{"start":{"line":13,"column":6},"end":{"line":13,"column":68}},"4":{"start":{"line":16,"column":2},"end":{"line":39,"column":4}},"5":{"start":{"line":35,"column":10},"end":{"line":35,"column":29}},"6":{"start":{"line":40,"column":2},"end":{"line":40,"column":16}}},"fnMap":{"0":{"name":"(anonymous_0)","decl":{"start":{"line":4,"column":17},"end":{"line":4,"column":18}},"loc":{"start":{"line":4,"column":43},"end":{"line":41,"column":1}},"line":4},"1":{"name":"(anonymous_1)","decl":{"start":{"line":11,"column":4},"end":{"line":11,"column":5}},"loc":{"start":{"line":11,"column":29},"end":{"line":14,"column":5}},"line":11},"2":{"name":"(anonymous_2)","decl":{"start":{"line":34,"column":8},"end":{"line":34,"column":9}},"loc":{"start":{"line":34,"column":29},"end":{"line":36,"column":9}},"line":34}},"branchMap":{},"s":{"0":2,"1":2,"2":2,"3":2,"4":2,"5":2,"6":2},"f":{"0":2,"1":2,"2":2},"b":{},"_coverageSchema":"1a1c01bbd47fc00a2c39e90264f33305004495a9","hash":"6ae123c047f6f2765f9cd274338ce56afdbc4c9d"}
,"D:\\Course\\FSJS\\file requirement job\\10xers Labs\\api-online-store\\models\\index.js": {"path":"D:\\Course\\FSJS\\file requirement job\\10xers Labs\\api-online-store\\models\\index.js","statementMap":{"0":{"start":{"line":3,"column":11},"end":{"line":3,"column":24}},"1":{"start":{"line":4,"column":13},"end":{"line":4,"column":28}},"2":{"start":{"line":5,"column":18},"end":{"line":5,"column":38}},"3":{"start":{"line":6,"column":16},"end":{"line":6,"column":34}},"4":{"start":{"line":7,"column":17},"end":{"line":7,"column":42}},"5":{"start":{"line":8,"column":12},"end":{"line":8,"column":49}},"6":{"start":{"line":9,"column":15},"end":{"line":9,"column":65}},"7":{"start":{"line":10,"column":11},"end":{"line":10,"column":13}},"8":{"start":{"line":13,"column":0},"end":{"line":17,"column":1}},"9":{"start":{"line":14,"column":2},"end":{"line":14,"column":74}},"10":{"start":{"line":16,"column":2},"end":{"line":16,"column":87}},"11":{"start":{"line":19,"column":0},"end":{"line":32,"column":5}},"12":{"start":{"line":22,"column":4},"end":{"line":27,"column":6}},"13":{"start":{"line":30,"column":18},"end":{"line":30,"column":85}},"14":{"start":{"line":31,"column":4},"end":{"line":31,"column":27}},"15":{"start":{"line":34,"column":0},"end":{"line":38,"column":3}},"16":{"start":{"line":35,"column":2},"end":{"line":37,"column":3}},"17":{"start":{"line":36,"column":4},"end":{"line":36,"column":32}},"18":{"start":{"line":40,"column":0},"end":{"line":40,"column":25}},"19":{"start":{"line":41,"column":0},"end":{"line":41,"column":25}},"20":{"start":{"line":43,"column":0},"end":{"line":43,"column":20}}},"fnMap":{"0":{"name":"(anonymous_0)","decl":{"start":{"line":21,"column":10},"end":{"line":21,"column":11}},"loc":{"start":{"line":21,"column":18},"end":{"line":28,"column":3}},"line":21},"1":{"name":"(anonymous_1)","decl":{"start":{"line":29,"column":11},"end":{"line":29,"column":12}},"loc":{"start":{"line":29,"column":19},"end":{"line":32,"column":3}},"line":29},"2":{"name":"(anonymous_2)","decl":{"start":{"line":34,"column":24},"end":{"line":34,"column":25}},"loc":{"start":{"line":34,"column":37},"end":{"line":38,"column":1}},"line":34}},"branchMap":{"0":{"loc":{"start":{"line":8,"column":12},"end":{"line":8,"column":49}},"type":"binary-expr","locations":[{"start":{"line":8,"column":12},"end":{"line":8,"column":32}},{"start":{"line":8,"column":36},"end":{"line":8,"column":49}}],"line":8},"1":{"loc":{"start":{"line":13,"column":0},"end":{"line":17,"column":1}},"type":"if","locations":[{"start":{"line":13,"column":0},"end":{"line":17,"column":1}},{"start":{"line":15,"column":7},"end":{"line":17,"column":1}}],"line":13},"2":{"loc":{"start":{"line":23,"column":6},"end":{"line":26,"column":37}},"type":"binary-expr","locations":[{"start":{"line":23,"column":6},"end":{"line":23,"column":29}},{"start":{"line":24,"column":6},"end":{"line":24,"column":23}},{"start":{"line":25,"column":6},"end":{"line":25,"column":30}},{"start":{"line":26,"column":6},"end":{"line":26,"column":37}}],"line":23},"3":{"loc":{"start":{"line":35,"column":2},"end":{"line":37,"column":3}},"type":"if","locations":[{"start":{"line":35,"column":2},"end":{"line":37,"column":3}},{"start":{},"end":{}}],"line":35}},"s":{"0":2,"1":2,"2":2,"3":2,"4":2,"5":2,"6":2,"7":2,"8":2,"9":0,"10":2,"11":2,"12":10,"13":8,"14":8,"15":2,"16":8,"17":8,"18":2,"19":2,"20":2},"f":{"0":10,"1":8,"2":8},"b":{"0":[2,0],"1":[0,2],"2":[10,10,8,8],"3":[8,0]},"_coverageSchema":"1a1c01bbd47fc00a2c39e90264f33305004495a9","hash":"a5d27435db2394df25b8a619673555c91b5b31cd"}
,"D:\\Course\\FSJS\\file requirement job\\10xers Labs\\api-online-store\\models\\product.js": {"path":"D:\\Course\\FSJS\\file requirement job\\10xers Labs\\api-online-store\\models\\product.js","statementMap":{"0":{"start":{"line":2,"column":18},"end":{"line":2,"column":38}},"1":{"start":{"line":3,"column":17},"end":{"line":3,"column":34}},"2":{"start":{"line":4,"column":0},"end":{"line":58,"column":2}},"3":{"start":{"line":13,"column":6},"end":{"line":13,"column":65}},"4":{"start":{"line":16,"column":2},"end":{"line":56,"column":4}},"5":{"start":{"line":57,"column":2},"end":{"line":57,"column":17}}},"fnMap":{"0":{"name":"(anonymous_0)","decl":{"start":{"line":4,"column":17},"end":{"line":4,"column":18}},"loc":{"start":{"line":4,"column":43},"end":{"line":58,"column":1}},"line":4},"1":{"name":"(anonymous_1)","decl":{"start":{"line":11,"column":4},"end":{"line":11,"column":5}},"loc":{"start":{"line":11,"column":29},"end":{"line":14,"column":5}},"line":11}},"branchMap":{},"s":{"0":2,"1":2,"2":2,"3":2,"4":2,"5":2},"f":{"0":2,"1":2},"b":{},"_coverageSchema":"1a1c01bbd47fc00a2c39e90264f33305004495a9","hash":"0a770224e13c3c06db6d13a09daa151bb1c462b0"}
,"D:\\Course\\FSJS\\file requirement job\\10xers Labs\\api-online-store\\models\\user.js": {"path":"D:\\Course\\FSJS\\file requirement job\\10xers Labs\\api-online-store\\models\\user.js","statementMap":{"0":{"start":{"line":2,"column":18},"end":{"line":2,"column":38}},"1":{"start":{"line":3,"column":25},"end":{"line":3,"column":53}},"2":{"start":{"line":4,"column":17},"end":{"line":4,"column":34}},"3":{"start":{"line":5,"column":0},"end":{"line":62,"column":2}},"4":{"start":{"line":16,"column":2},"end":{"line":60,"column":4}},"5":{"start":{"line":55,"column":10},"end":{"line":55,"column":27}},"6":{"start":{"line":56,"column":10},"end":{"line":56,"column":54}},"7":{"start":{"line":61,"column":2},"end":{"line":61,"column":14}}},"fnMap":{"0":{"name":"(anonymous_0)","decl":{"start":{"line":5,"column":17},"end":{"line":5,"column":18}},"loc":{"start":{"line":5,"column":43},"end":{"line":62,"column":1}},"line":5},"1":{"name":"(anonymous_1)","decl":{"start":{"line":12,"column":4},"end":{"line":12,"column":5}},"loc":{"start":{"line":12,"column":29},"end":{"line":14,"column":5}},"line":12},"2":{"name":"(anonymous_2)","decl":{"start":{"line":54,"column":8},"end":{"line":54,"column":9}},"loc":{"start":{"line":54,"column":27},"end":{"line":57,"column":9}},"line":54}},"branchMap":{},"s":{"0":2,"1":2,"2":2,"3":2,"4":2,"5":4,"6":4,"7":2},"f":{"0":2,"1":2,"2":4},"b":{},"_coverageSchema":"1a1c01bbd47fc00a2c39e90264f33305004495a9","hash":"a3488926684c2761d20348c0a921e0faf62197d8"}
,"D:\\Course\\FSJS\\file requirement job\\10xers Labs\\api-online-store\\routes\\index.js": {"path":"D:\\Course\\FSJS\\file requirement job\\10xers Labs\\api-online-store\\routes\\index.js","statementMap":{"0":{"start":{"line":1,"column":16},"end":{"line":1,"column":34}},"1":{"start":{"line":2,"column":15},"end":{"line":2,"column":31}},"2":{"start":{"line":4,"column":0},"end":{"line":10,"column":3}},"3":{"start":{"line":5,"column":2},"end":{"line":9,"column":5}},"4":{"start":{"line":13,"column":0},"end":{"line":13,"column":44}},"5":{"start":{"line":14,"column":0},"end":{"line":14,"column":50}},"6":{"start":{"line":16,"column":0},"end":{"line":16,"column":24}}},"fnMap":{"0":{"name":"(anonymous_0)","decl":{"start":{"line":4,"column":16},"end":{"line":4,"column":17}},"loc":{"start":{"line":4,"column":30},"end":{"line":10,"column":1}},"line":4}},"branchMap":{},"s":{"0":2,"1":2,"2":2,"3":0,"4":2,"5":2,"6":2},"f":{"0":0},"b":{},"_coverageSchema":"1a1c01bbd47fc00a2c39e90264f33305004495a9","hash":"1c2e0ce59c63a0395d399abd80e417b398615dfd"}
,"D:\\Course\\FSJS\\file requirement job\\10xers Labs\\api-online-store\\routes\\productRoute.js": {"path":"D:\\Course\\FSJS\\file requirement job\\10xers Labs\\api-online-store\\routes\\productRoute.js","statementMap":{"0":{"start":{"line":1,"column":16},"end":{"line":1,"column":34}},"1":{"start":{"line":2,"column":15},"end":{"line":2,"column":31}},"2":{"start":{"line":5,"column":26},"end":{"line":5,"column":69}},"3":{"start":{"line":8,"column":0},"end":{"line":8,"column":43}},"4":{"start":{"line":9,"column":0},"end":{"line":9,"column":56}},"5":{"start":{"line":12,"column":0},"end":{"line":12,"column":50}},"6":{"start":{"line":15,"column":0},"end":{"line":15,"column":46}},"7":{"start":{"line":16,"column":0},"end":{"line":16,"column":43}},"8":{"start":{"line":17,"column":0},"end":{"line":17,"column":44}},"9":{"start":{"line":18,"column":0},"end":{"line":18,"column":57}},"10":{"start":{"line":19,"column":0},"end":{"line":19,"column":51}},"11":{"start":{"line":21,"column":0},"end":{"line":21,"column":24}}},"fnMap":{},"branchMap":{},"s":{"0":2,"1":2,"2":2,"3":2,"4":2,"5":2,"6":2,"7":2,"8":2,"9":2,"10":2,"11":2},"f":{},"b":{},"_coverageSchema":"1a1c01bbd47fc00a2c39e90264f33305004495a9","hash":"5ea2895c999fe841fdc5b172318bb14223f10735"}
,"D:\\Course\\FSJS\\file requirement job\\10xers Labs\\api-online-store\\routes\\userRoute.js": {"path":"D:\\Course\\FSJS\\file requirement job\\10xers Labs\\api-online-store\\routes\\userRoute.js","statementMap":{"0":{"start":{"line":1,"column":16},"end":{"line":1,"column":34}},"1":{"start":{"line":2,"column":15},"end":{"line":2,"column":31}},"2":{"start":{"line":5,"column":23},"end":{"line":5,"column":63}},"3":{"start":{"line":8,"column":0},"end":{"line":8,"column":50}},"4":{"start":{"line":9,"column":0},"end":{"line":9,"column":44}},"5":{"start":{"line":11,"column":0},"end":{"line":11,"column":24}}},"fnMap":{},"branchMap":{},"s":{"0":2,"1":2,"2":2,"3":2,"4":2,"5":2},"f":{},"b":{},"_coverageSchema":"1a1c01bbd47fc00a2c39e90264f33305004495a9","hash":"5a24148304ad39b721cca414a8b7b2955f58a09b"}
}
