{"D:\\Course\\FSJS\\file requirement job\\10xers Labs\\api-online-store\\app.js": {"path":"D:\\Course\\FSJS\\file requirement job\\10xers Labs\\api-online-store\\app.js","statementMap":{"0":{"start":{"line":1,"column":0},"end":{"line":1,"column":27}},"1":{"start":{"line":3,"column":16},"end":{"line":3,"column":34}},"2":{"start":{"line":4,"column":12},"end":{"line":4,"column":21}},"3":{"start":{"line":6,"column":0},"end":{"line":6,"column":49}},"4":{"start":{"line":7,"column":0},"end":{"line":7,"column":24}},"5":{"start":{"line":10,"column":0},"end":{"line":10,"column":29}},"6":{"start":{"line":13,"column":0},"end":{"line":13,"column":45}},"7":{"start":{"line":15,"column":0},"end":{"line":15,"column":21}}},"fnMap":{},"branchMap":{},"s":{"0":2,"1":2,"2":2,"3":2,"4":2,"5":2,"6":2,"7":2},"f":{},"b":{},"_coverageSchema":"1a1c01bbd47fc00a2c39e90264f33305004495a9","hash":"7e01fcfee35ffaf3ece6c8eec2f0762c4c1a5925"}
,"D:\\Course\\FSJS\\file requirement job\\10xers Labs\\api-online-store\\controllers\\ProductController.js": {"path":"D:\\Course\\FSJS\\file requirement job\\10xers Labs\\api-online-store\\controllers\\ProductController.js","statementMap":{"0":{"start":{"line":1,"column":17},"end":{"line":1,"column":34}},"1":{"start":{"line":2,"column":53},"end":{"line":2,"column":73}},"2":{"start":{"line":3,"column":15},"end":{"line":3,"column":35}},"3":{"start":{"line":7,"column":4},"end":{"line":25,"column":5}},"4":{"start":{"line":9,"column":23},"end":{"line":16,"column":8}},"5":{"start":{"line":19,"column":6},"end":{"line":22,"column":9}},"6":{"start":{"line":24,"column":6},"end":{"line":24,"column":18}},"7":{"start":{"line":30,"column":14},"end":{"line":30,"column":43}},"8":{"start":{"line":32,"column":4},"end":{"line":102,"column":5}},"9":{"start":{"line":34,"column":24},"end":{"line":34,"column":30}},"10":{"start":{"line":52,"column":10},"end":{"line":52,"column":18}},"11":{"start":{"line":55,"column":26},"end":{"line":61,"column":7}},"12":{"start":{"line":64,"column":25},"end":{"line":76,"column":7}},"13":{"start":{"line":79,"column":26},"end":{"line":83,"column":7}},"14":{"start":{"line":86,"column":25},"end":{"line":86,"column":78}},"15":{"start":{"line":87,"column":24},"end":{"line":87,"column":75}},"16":{"start":{"line":88,"column":6},"end":{"line":88,"column":65}},"17":{"start":{"line":91,"column":6},"end":{"line":91,"column":23}},"18":{"start":{"line":94,"column":6},"end":{"line":98,"column":9}},"19":{"start":{"line":100,"column":6},"end":{"line":100,"column":25}},"20":{"start":{"line":101,"column":6},"end":{"line":101,"column":18}},"21":{"start":{"line":107,"column":14},"end":{"line":107,"column":43}},"22":{"start":{"line":109,"column":4},"end":{"line":167,"column":5}},"23":{"start":{"line":111,"column":56},"end":{"line":111,"column":64}},"24":{"start":{"line":112,"column":21},"end":{"line":112,"column":32}},"25":{"start":{"line":115,"column":6},"end":{"line":117,"column":7}},"26":{"start":{"line":116,"column":8},"end":{"line":116,"column":74}},"27":{"start":{"line":120,"column":22},"end":{"line":120,"column":75}},"28":{"start":{"line":122,"column":6},"end":{"line":124,"column":7}},"29":{"start":{"line":123,"column":8},"end":{"line":123,"column":66}},"30":{"start":{"line":127,"column":25},"end":{"line":127,"column":27}},"31":{"start":{"line":128,"column":24},"end":{"line":128,"column":26}},"32":{"start":{"line":129,"column":21},"end":{"line":134,"column":7}},"33":{"start":{"line":137,"column":6},"end":{"line":144,"column":7}},"34":{"start":{"line":138,"column":8},"end":{"line":143,"column":9}},"35":{"start":{"line":139,"column":10},"end":{"line":139,"column":31}},"36":{"start":{"line":141,"column":10},"end":{"line":141,"column":52}},"37":{"start":{"line":142,"column":10},"end":{"line":142,"column":52}},"38":{"start":{"line":146,"column":26},"end":{"line":152,"column":7}},"39":{"start":{"line":155,"column":6},"end":{"line":155,"column":57}},"40":{"start":{"line":158,"column":6},"end":{"line":158,"column":65}},"41":{"start":{"line":161,"column":6},"end":{"line":161,"column":23}},"42":{"start":{"line":163,"column":6},"end":{"line":163,"column":79}},"43":{"start":{"line":165,"column":6},"end":{"line":165,"column":19}},"44":{"start":{"line":166,"column":6},"end":{"line":166,"column":18}},"45":{"start":{"line":171,"column":14},"end":{"line":171,"column":43}},"46":{"start":{"line":173,"column":4},"end":{"line":250,"column":5}},"47":{"start":{"line":175,"column":28},"end":{"line":175,"column":36}},"48":{"start":{"line":178,"column":6},"end":{"line":180,"column":7}},"49":{"start":{"line":179,"column":8},"end":{"line":179,"column":75}},"50":{"start":{"line":183,"column":21},"end":{"line":183,"column":67}},"51":{"start":{"line":186,"column":6},"end":{"line":188,"column":7}},"52":{"start":{"line":187,"column":8},"end":{"line":187,"column":65}},"53":{"start":{"line":202,"column":10},"end":{"line":202,"column":18}},"54":{"start":{"line":204,"column":21},"end":{"line":215,"column":7}},"55":{"start":{"line":216,"column":25},"end":{"line":216,"column":27}},"56":{"start":{"line":217,"column":24},"end":{"line":217,"column":26}},"57":{"start":{"line":220,"column":6},"end":{"line":227,"column":7}},"58":{"start":{"line":221,"column":8},"end":{"line":226,"column":9}},"59":{"start":{"line":222,"column":10},"end":{"line":222,"column":31}},"60":{"start":{"line":224,"column":10},"end":{"line":224,"column":51}},"61":{"start":{"line":225,"column":10},"end":{"line":225,"column":52}},"62":{"start":{"line":230,"column":26},"end":{"line":236,"column":7}},"63":{"start":{"line":239,"column":6},"end":{"line":239,"column":56}},"64":{"start":{"line":240,"column":6},"end":{"line":240,"column":65}},"65":{"start":{"line":243,"column":6},"end":{"line":243,"column":23}},"66":{"start":{"line":244,"column":6},"end":{"line":246,"column":72}},"67":{"start":{"line":248,"column":6},"end":{"line":248,"column":25}},"68":{"start":{"line":249,"column":6},"end":{"line":249,"column":18}},"69":{"start":{"line":255,"column":14},"end":{"line":255,"column":43}},"70":{"start":{"line":257,"column":4},"end":{"line":305,"column":5}},"71":{"start":{"line":259,"column":28},"end":{"line":259,"column":36}},"72":{"start":{"line":262,"column":6},"end":{"line":264,"column":7}},"73":{"start":{"line":263,"column":8},"end":{"line":263,"column":75}},"74":{"start":{"line":267,"column":27},"end":{"line":269,"column":8}},"75":{"start":{"line":271,"column":6},"end":{"line":273,"column":7}},"76":{"start":{"line":272,"column":8},"end":{"line":272,"column":66}},"77":{"start":{"line":276,"column":26},"end":{"line":280,"column":7}},"78":{"start":{"line":284,"column":6},"end":{"line":284,"column":72}},"79":{"start":{"line":287,"column":25},"end":{"line":291,"column":7}},"80":{"start":{"line":294,"column":6},"end":{"line":294,"column":65}},"81":{"start":{"line":297,"column":6},"end":{"line":297,"column":23}},"82":{"start":{"line":299,"column":6},"end":{"line":301,"column":73}},"83":{"start":{"line":303,"column":6},"end":{"line":303,"column":25}},"84":{"start":{"line":304,"column":6},"end":{"line":304,"column":18}},"85":{"start":{"line":309,"column":4},"end":{"line":351,"column":5}},"86":{"start":{"line":311,"column":31},"end":{"line":311,"column":40}},"87":{"start":{"line":314,"column":21},"end":{"line":317,"column":7}},"88":{"start":{"line":319,"column":6},"end":{"line":323,"column":7}},"89":{"start":{"line":320,"column":8},"end":{"line":322,"column":10}},"90":{"start":{"line":325,"column":18},"end":{"line":325,"column":19}},"91":{"start":{"line":326,"column":23},"end":{"line":326,"column":24}},"92":{"start":{"line":327,"column":6},"end":{"line":333,"column":7}},"93":{"start":{"line":328,"column":8},"end":{"line":328,"column":26}},"94":{"start":{"line":329,"column":8},"end":{"line":329,"column":49}},"95":{"start":{"line":330,"column":8},"end":{"line":330,"column":29}},"96":{"start":{"line":332,"column":8},"end":{"line":332,"column":29}},"97":{"start":{"line":336,"column":30},"end":{"line":336,"column":67}},"98":{"start":{"line":339,"column":6},"end":{"line":348,"column":9}},"99":{"start":{"line":350,"column":6},"end":{"line":350,"column":18}},"100":{"start":{"line":355,"column":0},"end":{"line":355,"column":35}}},"fnMap":{"0":{"name":"(anonymous_0)","decl":{"start":{"line":6,"column":2},"end":{"line":6,"column":3}},"loc":{"start":{"line":6,"column":38},"end":{"line":26,"column":3}},"line":6},"1":{"name":"(anonymous_1)","decl":{"start":{"line":28,"column":2},"end":{"line":28,"column":3}},"loc":{"start":{"line":28,"column":35},"end":{"line":103,"column":3}},"line":28},"2":{"name":"(anonymous_2)","decl":{"start":{"line":105,"column":2},"end":{"line":105,"column":3}},"loc":{"start":{"line":105,"column":36},"end":{"line":168,"column":3}},"line":105},"3":{"name":"(anonymous_3)","decl":{"start":{"line":170,"column":2},"end":{"line":170,"column":3}},"loc":{"start":{"line":170,"column":42},"end":{"line":251,"column":3}},"line":170},"4":{"name":"(anonymous_4)","decl":{"start":{"line":253,"column":2},"end":{"line":253,"column":3}},"loc":{"start":{"line":253,"column":38},"end":{"line":306,"column":3}},"line":253},"5":{"name":"(anonymous_5)","decl":{"start":{"line":308,"column":2},"end":{"line":308,"column":3}},"loc":{"start":{"line":308,"column":49},"end":{"line":352,"column":3}},"line":308}},"branchMap":{"0":{"loc":{"start":{"line":115,"column":6},"end":{"line":117,"column":7}},"type":"if","locations":[{"start":{"line":115,"column":6},"end":{"line":117,"column":7}},{"start":{},"end":{}}],"line":115},"1":{"loc":{"start":{"line":122,"column":6},"end":{"line":124,"column":7}},"type":"if","locations":[{"start":{"line":122,"column":6},"end":{"line":124,"column":7}},{"start":{},"end":{}}],"line":122},"2":{"loc":{"start":{"line":138,"column":8},"end":{"line":143,"column":9}},"type":"if","locations":[{"start":{"line":138,"column":8},"end":{"line":143,"column":9}},{"start":{"line":140,"column":15},"end":{"line":143,"column":9}}],"line":138},"3":{"loc":{"start":{"line":138,"column":12},"end":{"line":138,"column":49}},"type":"binary-expr","locations":[{"start":{"line":138,"column":12},"end":{"line":138,"column":26}},{"start":{"line":138,"column":30},"end":{"line":138,"column":49}}],"line":138},"4":{"loc":{"start":{"line":178,"column":6},"end":{"line":180,"column":7}},"type":"if","locations":[{"start":{"line":178,"column":6},"end":{"line":180,"column":7}},{"start":{},"end":{}}],"line":178},"5":{"loc":{"start":{"line":186,"column":6},"end":{"line":188,"column":7}},"type":"if","locations":[{"start":{"line":186,"column":6},"end":{"line":188,"column":7}},{"start":{},"end":{}}],"line":186},"6":{"loc":{"start":{"line":221,"column":8},"end":{"line":226,"column":9}},"type":"if","locations":[{"start":{"line":221,"column":8},"end":{"line":226,"column":9}},{"start":{"line":223,"column":15},"end":{"line":226,"column":9}}],"line":221},"7":{"loc":{"start":{"line":221,"column":12},"end":{"line":221,"column":49}},"type":"binary-expr","locations":[{"start":{"line":221,"column":12},"end":{"line":221,"column":26}},{"start":{"line":221,"column":30},"end":{"line":221,"column":49}}],"line":221},"8":{"loc":{"start":{"line":262,"column":6},"end":{"line":264,"column":7}},"type":"if","locations":[{"start":{"line":262,"column":6},"end":{"line":264,"column":7}},{"start":{},"end":{}}],"line":262},"9":{"loc":{"start":{"line":271,"column":6},"end":{"line":273,"column":7}},"type":"if","locations":[{"start":{"line":271,"column":6},"end":{"line":273,"column":7}},{"start":{},"end":{}}],"line":271},"10":{"loc":{"start":{"line":319,"column":6},"end":{"line":323,"column":7}},"type":"if","locations":[{"start":{"line":319,"column":6},"end":{"line":323,"column":7}},{"start":{},"end":{}}],"line":319},"11":{"loc":{"start":{"line":327,"column":6},"end":{"line":333,"column":7}},"type":"if","locations":[{"start":{"line":327,"column":6},"end":{"line":333,"column":7}},{"start":{"line":331,"column":13},"end":{"line":333,"column":7}}],"line":327},"12":{"loc":{"start":{"line":342,"column":16},"end":{"line":342,"column":26}},"type":"binary-expr","locations":[{"start":{"line":342,"column":16},"end":{"line":342,"column":21}},{"start":{"line":342,"column":25},"end":{"line":342,"column":26}}],"line":342}},"s":{"0":2,"1":2,"2":2,"3":1,"4":1,"5":1,"6":0,"7":2,"8":2,"9":2,"10":2,"11":2,"12":2,"13":2,"14":2,"15":1,"16":1,"17":1,"18":1,"19":1,"20":1,"21":3,"22":3,"23":3,"24":3,"25":3,"26":1,"27":2,"28":2,"29":1,"30":1,"31":1,"32":1,"33":1,"34":4,"35":2,"36":2,"37":2,"38":1,"39":1,"40":1,"41":1,"42":1,"43":2,"44":2,"45":4,"46":4,"47":4,"48":4,"49":1,"50":3,"51":2,"52":1,"53":1,"54":1,"55":1,"56":1,"57":1,"58":10,"59":8,"60":2,"61":2,"62":1,"63":1,"64":1,"65":1,"66":1,"67":3,"68":3,"69":3,"70":3,"71":3,"72":3,"73":1,"74":2,"75":2,"76":1,"77":1,"78":1,"79":1,"80":1,"81":1,"82":1,"83":2,"84":2,"85":2,"86":2,"87":2,"88":2,"89":1,"90":2,"91":2,"92":2,"93":1,"94":1,"95":1,"96":1,"97":2,"98":2,"99":0,"100":2},"f":{"0":1,"1":2,"2":3,"3":4,"4":3,"5":2},"b":{"0":[1,2],"1":[1,1],"2":[2,2],"3":[4,2],"4":[1,3],"5":[1,1],"6":[8,2],"7":[10,8],"8":[1,2],"9":[1,1],"10":[1,1],"11":[1,1],"12":[2,1]},"_coverageSchema":"1a1c01bbd47fc00a2c39e90264f33305004495a9","hash":"a4284aad2a3fc066ca4d4dcdfaa9e3457ca377a9"}
,"D:\\Course\\FSJS\\file requirement job\\10xers Labs\\api-online-store\\controllers\\UserController.js": {"path":"D:\\Course\\FSJS\\file requirement job\\10xers Labs\\api-online-store\\controllers\\UserController.js","statementMap":{"0":{"start":{"line":1,"column":28},"end":{"line":1,"column":56}},"1":{"start":{"line":2,"column":22},"end":{"line":2,"column":47}},"2":{"start":{"line":3,"column":17},"end":{"line":3,"column":37}},"3":{"start":{"line":7,"column":4},"end":{"line":32,"column":5}},"4":{"start":{"line":9,"column":44},"end":{"line":9,"column":52}},"5":{"start":{"line":12,"column":19},"end":{"line":16,"column":7}},"6":{"start":{"line":19,"column":22},"end":{"line":19,"column":45}},"7":{"start":{"line":22,"column":6},"end":{"line":29,"column":9}},"8":{"start":{"line":31,"column":6},"end":{"line":31,"column":18}},"9":{"start":{"line":36,"column":4},"end":{"line":71,"column":5}},"10":{"start":{"line":38,"column":34},"end":{"line":38,"column":42}},"11":{"start":{"line":41,"column":6},"end":{"line":46,"column":7}},"12":{"start":{"line":42,"column":8},"end":{"line":45,"column":10}},"13":{"start":{"line":49,"column":19},"end":{"line":49,"column":59}},"14":{"start":{"line":52,"column":6},"end":{"line":54,"column":7}},"15":{"start":{"line":53,"column":8},"end":{"line":53,"column":77}},"16":{"start":{"line":57,"column":25},"end":{"line":57,"column":65}},"17":{"start":{"line":60,"column":6},"end":{"line":62,"column":7}},"18":{"start":{"line":61,"column":8},"end":{"line":61,"column":80}},"19":{"start":{"line":65,"column":26},"end":{"line":65,"column":52}},"20":{"start":{"line":68,"column":6},"end":{"line":68,"column":77}},"21":{"start":{"line":70,"column":6},"end":{"line":70,"column":18}},"22":{"start":{"line":75,"column":0},"end":{"line":75,"column":32}}},"fnMap":{"0":{"name":"(anonymous_0)","decl":{"start":{"line":6,"column":2},"end":{"line":6,"column":3}},"loc":{"start":{"line":6,"column":40},"end":{"line":33,"column":3}},"line":6},"1":{"name":"(anonymous_1)","decl":{"start":{"line":35,"column":2},"end":{"line":35,"column":3}},"loc":{"start":{"line":35,"column":37},"end":{"line":72,"column":3}},"line":35}},"branchMap":{"0":{"loc":{"start":{"line":41,"column":6},"end":{"line":46,"column":7}},"type":"if","locations":[{"start":{"line":41,"column":6},"end":{"line":46,"column":7}},{"start":{},"end":{}}],"line":41},"1":{"loc":{"start":{"line":41,"column":10},"end":{"line":41,"column":29}},"type":"binary-expr","locations":[{"start":{"line":41,"column":10},"end":{"line":41,"column":16}},{"start":{"line":41,"column":20},"end":{"line":41,"column":29}}],"line":41},"2":{"loc":{"start":{"line":52,"column":6},"end":{"line":54,"column":7}},"type":"if","locations":[{"start":{"line":52,"column":6},"end":{"line":54,"column":7}},{"start":{},"end":{}}],"line":52},"3":{"loc":{"start":{"line":60,"column":6},"end":{"line":62,"column":7}},"type":"if","locations":[{"start":{"line":60,"column":6},"end":{"line":62,"column":7}},{"start":{},"end":{}}],"line":60}},"s":{"0":2,"1":2,"2":2,"3":2,"4":2,"5":2,"6":2,"7":1,"8":1,"9":4,"10":4,"11":4,"12":1,"13":3,"14":3,"15":1,"16":2,"17":2,"18":1,"19":1,"20":1,"21":3,"22":2},"f":{"0":2,"1":4},"b":{"0":[1,3],"1":[4,4],"2":[1,2],"3":[1,1]},"_coverageSchema":"1a1c01bbd47fc00a2c39e90264f33305004495a9","hash":"ba58bcd86eeebda629be9464de597df5d600fe2a"}
,"D:\\Course\\FSJS\\file requirement job\\10xers Labs\\api-online-store\\helpers\\bcrypt.js": {"path":"D:\\Course\\FSJS\\file requirement job\\10xers Labs\\api-online-store\\helpers\\bcrypt.js","statementMap":{"0":{"start":{"line":1,"column":15},"end":{"line":1,"column":34}},"1":{"start":{"line":2,"column":13},"end":{"line":2,"column":35}},"2":{"start":{"line":4,"column":21},"end":{"line":6,"column":1}},"3":{"start":{"line":5,"column":2},"end":{"line":5,"column":41}},"4":{"start":{"line":8,"column":24},"end":{"line":10,"column":1}},"5":{"start":{"line":9,"column":2},"end":{"line":9,"column":44}},"6":{"start":{"line":12,"column":0},"end":{"line":12,"column":51}}},"fnMap":{"0":{"name":"(anonymous_0)","decl":{"start":{"line":4,"column":21},"end":{"line":4,"column":22}},"loc":{"start":{"line":4,"column":35},"end":{"line":6,"column":1}},"line":4},"1":{"name":"(anonymous_1)","decl":{"start":{"line":8,"column":24},"end":{"line":8,"column":25}},"loc":{"start":{"line":8,"column":44},"end":{"line":10,"column":1}},"line":8}},"branchMap":{},"s":{"0":2,"1":2,"2":2,"3":4,"4":2,"5":2,"6":2},"f":{"0":4,"1":2},"b":{},"_coverageSchema":"1a1c01bbd47fc00a2c39e90264f33305004495a9","hash":"6aae3c9ee7d720a34ba6262511a706db3b415a9c"}
,"D:\\Course\\FSJS\\file requirement job\\10xers Labs\\api-online-store\\helpers\\jwt.js": {"path":"D:\\Course\\FSJS\\file requirement job\\10xers Labs\\api-online-store\\helpers\\jwt.js","statementMap":{"0":{"start":{"line":1,"column":12},"end":{"line":1,"column":35}},"1":{"start":{"line":2,"column":18},"end":{"line":2,"column":40}},"2":{"start":{"line":4,"column":18},"end":{"line":6,"column":1}},"3":{"start":{"line":5,"column":2},"end":{"line":5,"column":38}},"4":{"start":{"line":8,"column":20},"end":{"line":10,"column":1}},"5":{"start":{"line":9,"column":2},"end":{"line":9,"column":38}},"6":{"start":{"line":12,"column":0},"end":{"line":12,"column":44}}},"fnMap":{"0":{"name":"(anonymous_0)","decl":{"start":{"line":4,"column":18},"end":{"line":4,"column":19}},"loc":{"start":{"line":4,"column":31},"end":{"line":6,"column":1}},"line":4},"1":{"name":"(anonymous_1)","decl":{"start":{"line":8,"column":20},"end":{"line":8,"column":21}},"loc":{"start":{"line":8,"column":31},"end":{"line":10,"column":1}},"line":8}},"branchMap":{},"s":{"0":2,"1":2,"2":2,"3":4,"4":2,"5":15,"6":2},"f":{"0":4,"1":15},"b":{},"_coverageSchema":"1a1c01bbd47fc00a2c39e90264f33305004495a9","hash":"e05c334cef8ad0b7a480465f2b4ca037eebd9039"}
,"D:\\Course\\FSJS\\file requirement job\\10xers Labs\\api-online-store\\middlewares\\adminAccess.js": {"path":"D:\\Course\\FSJS\\file requirement job\\10xers Labs\\api-online-store\\middlewares\\adminAccess.js","statementMap":{"0":{"start":{"line":1,"column":20},"end":{"line":15,"column":1}},"1":{"start":{"line":2,"column":2},"end":{"line":14,"column":3}},"2":{"start":{"line":3,"column":17},"end":{"line":3,"column":30}},"3":{"start":{"line":4,"column":4},"end":{"line":9,"column":5}},"4":{"start":{"line":5,"column":6},"end":{"line":8,"column":8}},"5":{"start":{"line":11,"column":4},"end":{"line":11,"column":11}},"6":{"start":{"line":13,"column":4},"end":{"line":13,"column":16}},"7":{"start":{"line":17,"column":0},"end":{"line":17,"column":29}}},"fnMap":{"0":{"name":"(anonymous_0)","decl":{"start":{"line":1,"column":20},"end":{"line":1,"column":21}},"loc":{"start":{"line":1,"column":46},"end":{"line":15,"column":1}},"line":1}},"branchMap":{"0":{"loc":{"start":{"line":4,"column":4},"end":{"line":9,"column":5}},"type":"if","locations":[{"start":{"line":4,"column":4},"end":{"line":9,"column":5}},{"start":{},"end":{}}],"line":4}},"s":{"0":2,"1":14,"2":14,"3":14,"4":1,"5":13,"6":1,"7":2},"f":{"0":14},"b":{"0":[1,13]},"_coverageSchema":"1a1c01bbd47fc00a2c39e90264f33305004495a9","hash":"cc5c2e85961e5f7d21bbda73a05211dcd4fac2e2"}
,"D:\\Course\\FSJS\\file requirement job\\10xers Labs\\api-online-store\\middlewares\\auth.js": {"path":"D:\\Course\\FSJS\\file requirement job\\10xers Labs\\api-online-store\\middlewares\\auth.js","statementMap":{"0":{"start":{"line":1,"column":24},"end":{"line":1,"column":49}},"1":{"start":{"line":2,"column":17},"end":{"line":2,"column":37}},"2":{"start":{"line":4,"column":13},"end":{"line":40,"column":1}},"3":{"start":{"line":5,"column":2},"end":{"line":39,"column":3}},"4":{"start":{"line":7,"column":30},"end":{"line":7,"column":41}},"5":{"start":{"line":10,"column":4},"end":{"line":12,"column":5}},"6":{"start":{"line":11,"column":6},"end":{"line":11,"column":64}},"7":{"start":{"line":15,"column":26},"end":{"line":15,"column":50}},"8":{"start":{"line":18,"column":4},"end":{"line":20,"column":5}},"9":{"start":{"line":19,"column":6},"end":{"line":19,"column":64}},"10":{"start":{"line":23,"column":24},"end":{"line":23,"column":42}},"11":{"start":{"line":26,"column":17},"end":{"line":26,"column":70}},"12":{"start":{"line":29,"column":4},"end":{"line":31,"column":5}},"13":{"start":{"line":30,"column":6},"end":{"line":30,"column":63}},"14":{"start":{"line":34,"column":4},"end":{"line":34,"column":20}},"15":{"start":{"line":36,"column":4},"end":{"line":36,"column":11}},"16":{"start":{"line":38,"column":4},"end":{"line":38,"column":16}},"17":{"start":{"line":42,"column":0},"end":{"line":42,"column":22}}},"fnMap":{"0":{"name":"(anonymous_0)","decl":{"start":{"line":4,"column":13},"end":{"line":4,"column":14}},"loc":{"start":{"line":4,"column":39},"end":{"line":40,"column":1}},"line":4}},"branchMap":{"0":{"loc":{"start":{"line":10,"column":4},"end":{"line":12,"column":5}},"type":"if","locations":[{"start":{"line":10,"column":4},"end":{"line":12,"column":5}},{"start":{},"end":{}}],"line":10},"1":{"loc":{"start":{"line":18,"column":4},"end":{"line":20,"column":5}},"type":"if","locations":[{"start":{"line":18,"column":4},"end":{"line":20,"column":5}},{"start":{},"end":{}}],"line":18},"2":{"loc":{"start":{"line":29,"column":4},"end":{"line":31,"column":5}},"type":"if","locations":[{"start":{"line":29,"column":4},"end":{"line":31,"column":5}},{"start":{},"end":{}}],"line":29}},"s":{"0":2,"1":2,"2":2,"3":17,"4":17,"5":17,"6":1,"7":16,"8":16,"9":1,"10":15,"11":15,"12":15,"13":1,"14":14,"15":14,"16":3,"17":2},"f":{"0":17},"b":{"0":[1,16],"1":[1,15],"2":[1,14]},"_coverageSchema":"1a1c01bbd47fc00a2c39e90264f33305004495a9","hash":"b63d582eb1ae6839d4b9438e1c31e2ee07f51282"}
,"D:\\Course\\FSJS\\file requirement job\\10xers Labs\\api-online-store\\middlewares\\errHandler.js": {"path":"D:\\Course\\FSJS\\file requirement job\\10xers Labs\\api-online-store\\middlewares\\errHandler.js","statementMap":{"0":{"start":{"line":1,"column":19},"end":{"line":25,"column":1}},"1":{"start":{"line":2,"column":2},"end":{"line":24,"column":3}},"2":{"start":{"line":4,"column":6},"end":{"line":4,"column":53}},"3":{"start":{"line":5,"column":6},"end":{"line":5,"column":12}},"4":{"start":{"line":8,"column":6},"end":{"line":8,"column":63}},"5":{"start":{"line":9,"column":6},"end":{"line":9,"column":12}},"6":{"start":{"line":12,"column":6},"end":{"line":12,"column":53}},"7":{"start":{"line":13,"column":6},"end":{"line":13,"column":12}},"8":{"start":{"line":15,"column":6},"end":{"line":15,"column":53}},"9":{"start":{"line":16,"column":6},"end":{"line":16,"column":12}},"10":{"start":{"line":18,"column":6},"end":{"line":18,"column":53}},"11":{"start":{"line":19,"column":6},"end":{"line":19,"column":12}},"12":{"start":{"line":21,"column":6},"end":{"line":21,"column":23}},"13":{"start":{"line":22,"column":6},"end":{"line":22,"column":65}},"14":{"start":{"line":23,"column":6},"end":{"line":23,"column":12}},"15":{"start":{"line":27,"column":0},"end":{"line":27,"column":28}}},"fnMap":{"0":{"name":"(anonymous_0)","decl":{"start":{"line":1,"column":19},"end":{"line":1,"column":20}},"loc":{"start":{"line":1,"column":44},"end":{"line":25,"column":1}},"line":1}},"branchMap":{"0":{"loc":{"start":{"line":2,"column":2},"end":{"line":24,"column":3}},"type":"switch","locations":[{"start":{"line":3,"column":4},"end":{"line":5,"column":12}},{"start":{"line":6,"column":4},"end":{"line":6,"column":36}},{"start":{"line":7,"column":4},"end":{"line":9,"column":12}},{"start":{"line":10,"column":4},"end":{"line":10,"column":24}},{"start":{"line":11,"column":4},"end":{"line":13,"column":12}},{"start":{"line":14,"column":4},"end":{"line":16,"column":12}},{"start":{"line":17,"column":4},"end":{"line":19,"column":12}},{"start":{"line":20,"column":4},"end":{"line":23,"column":12}}],"line":2}},"s":{"0":2,"1":16,"2":4,"3":4,"4":2,"5":2,"6":5,"7":5,"8":1,"9":1,"10":3,"11":3,"12":1,"13":1,"14":1,"15":2},"f":{"0":16},"b":{"0":[4,1,2,3,5,1,3,1]},"_coverageSchema":"1a1c01bbd47fc00a2c39e90264f33305004495a9","hash":"39f4a7bbcd9c30cc78126dbee57531f17db77173"}
,"D:\\Course\\FSJS\\file requirement job\\10xers Labs\\api-online-store\\models\\adminhistory.js": {"path":"D:\\Course\\FSJS\\file requirement job\\10xers Labs\\api-online-store\\models\\adminhistory.js","statementMap":{"0":{"start":{"line":2,"column":18},"end":{"line":2,"column":38}},"1":{"start":{"line":3,"column":17},"end":{"line":3,"column":34}},"2":{"start":{"line":5,"column":0},"end":{"line":35,"column":2}},"3":{"start":{"line":16,"column":2},"end":{"line":33,"column":4}},"4":{"start":{"line":29,"column":10},"end":{"line":29,"column":30}},"5":{"start":{"line":34,"column":2},"end":{"line":34,"column":22}}},"fnMap":{"0":{"name":"(anonymous_0)","decl":{"start":{"line":5,"column":17},"end":{"line":5,"column":18}},"loc":{"start":{"line":5,"column":43},"end":{"line":35,"column":1}},"line":5},"1":{"name":"(anonymous_1)","decl":{"start":{"line":12,"column":4},"end":{"line":12,"column":5}},"loc":{"start":{"line":12,"column":29},"end":{"line":14,"column":5}},"line":12},"2":{"name":"(anonymous_2)","decl":{"start":{"line":28,"column":8},"end":{"line":28,"column":9}},"loc":{"start":{"line":28,"column":30},"end":{"line":30,"column":9}},"line":28}},"branchMap":{},"s":{"0":2,"1":2,"2":2,"3":2,"4":4,"5":2},"f":{"0":2,"1":2,"2":4},"b":{},"_coverageSchema":"1a1c01bbd47fc00a2c39e90264f33305004495a9","hash":"0f0bef56d713ebf8544d2a36c6d79b74667f404f"}
,"D:\\Course\\FSJS\\file requirement job\\10xers Labs\\api-online-store\\models\\detail.js": {"path":"D:\\Course\\FSJS\\file requirement job\\10xers Labs\\api-online-store\\models\\detail.js","statementMap":{"0":{"start":{"line":2,"column":18},"end":{"line":2,"column":38}},"1":{"start":{"line":3,"column":17},"end":{"line":3,"column":34}},"2":{"start":{"line":4,"column":0},"end":{"line":41,"column":2}},"3":{"start":{"line":13,"column":6},"end":{"line":13,"column":68}},"4":{"start":{"line":16,"column":2},"end":{"line":39,"column":4}},"5":{"start":{"line":35,"column":10},"end":{"line":35,"column":29}},"6":{"start":{"line":40,"column":2},"end":{"line":40,"column":16}}},"fnMap":{"0":{"name":"(anonymous_0)","decl":{"start":{"line":4,"column":17},"end":{"line":4,"column":18}},"loc":{"start":{"line":4,"column":43},"end":{"line":41,"column":1}},"line":4},"1":{"name":"(anonymous_1)","decl":{"start":{"line":11,"column":4},"end":{"line":11,"column":5}},"loc":{"start":{"line":11,"column":29},"end":{"line":14,"column":5}},"line":11},"2":{"name":"(anonymous_2)","decl":{"start":{"line":34,"column":8},"end":{"line":34,"column":9}},"loc":{"start":{"line":34,"column":29},"end":{"line":36,"column":9}},"line":34}},"branchMap":{},"s":{"0":2,"1":2,"2":2,"3":2,"4":2,"5":2,"6":2},"f":{"0":2,"1":2,"2":2},"b":{},"_coverageSchema":"1a1c01bbd47fc00a2c39e90264f33305004495a9","hash":"6ae123c047f6f2765f9cd274338ce56afdbc4c9d"}
,"D:\\Course\\FSJS\\file requirement job\\10xers Labs\\api-online-store\\models\\index.js": {"path":"D:\\Course\\FSJS\\file requirement job\\10xers Labs\\api-online-store\\models\\index.js","statementMap":{"0":{"start":{"line":3,"column":11},"end":{"line":3,"column":24}},"1":{"start":{"line":4,"column":13},"end":{"line":4,"column":28}},"2":{"start":{"line":5,"column":18},"end":{"line":5,"column":38}},"3":{"start":{"line":6,"column":16},"end":{"line":6,"column":34}},"4":{"start":{"line":7,"column":17},"end":{"line":7,"column":42}},"5":{"start":{"line":8,"column":12},"end":{"line":8,"column":49}},"6":{"start":{"line":9,"column":15},"end":{"line":9,"column":65}},"7":{"start":{"line":10,"column":11},"end":{"line":10,"column":13}},"8":{"start":{"line":13,"column":0},"end":{"line":17,"column":1}},"9":{"start":{"line":14,"column":2},"end":{"line":14,"column":74}},"10":{"start":{"line":16,"column":2},"end":{"line":16,"column":87}},"11":{"start":{"line":19,"column":0},"end":{"line":32,"column":5}},"12":{"start":{"line":22,"column":4},"end":{"line":27,"column":6}},"13":{"start":{"line":30,"column":18},"end":{"line":30,"column":85}},"14":{"start":{"line":31,"column":4},"end":{"line":31,"column":27}},"15":{"start":{"line":34,"column":0},"end":{"line":38,"column":3}},"16":{"start":{"line":35,"column":2},"end":{"line":37,"column":3}},"17":{"start":{"line":36,"column":4},"end":{"line":36,"column":32}},"18":{"start":{"line":40,"column":0},"end":{"line":40,"column":25}},"19":{"start":{"line":41,"column":0},"end":{"line":41,"column":25}},"20":{"start":{"line":43,"column":0},"end":{"line":43,"column":20}}},"fnMap":{"0":{"name":"(anonymous_0)","decl":{"start":{"line":21,"column":10},"end":{"line":21,"column":11}},"loc":{"start":{"line":21,"column":18},"end":{"line":28,"column":3}},"line":21},"1":{"name":"(anonymous_1)","decl":{"start":{"line":29,"column":11},"end":{"line":29,"column":12}},"loc":{"start":{"line":29,"column":19},"end":{"line":32,"column":3}},"line":29},"2":{"name":"(anonymous_2)","decl":{"start":{"line":34,"column":24},"end":{"line":34,"column":25}},"loc":{"start":{"line":34,"column":37},"end":{"line":38,"column":1}},"line":34}},"branchMap":{"0":{"loc":{"start":{"line":8,"column":12},"end":{"line":8,"column":49}},"type":"binary-expr","locations":[{"start":{"line":8,"column":12},"end":{"line":8,"column":32}},{"start":{"line":8,"column":36},"end":{"line":8,"column":49}}],"line":8},"1":{"loc":{"start":{"line":13,"column":0},"end":{"line":17,"column":1}},"type":"if","locations":[{"start":{"line":13,"column":0},"end":{"line":17,"column":1}},{"start":{"line":15,"column":7},"end":{"line":17,"column":1}}],"line":13},"2":{"loc":{"start":{"line":23,"column":6},"end":{"line":26,"column":37}},"type":"binary-expr","locations":[{"start":{"line":23,"column":6},"end":{"line":23,"column":29}},{"start":{"line":24,"column":6},"end":{"line":24,"column":23}},{"start":{"line":25,"column":6},"end":{"line":25,"column":30}},{"start":{"line":26,"column":6},"end":{"line":26,"column":37}}],"line":23},"3":{"loc":{"start":{"line":35,"column":2},"end":{"line":37,"column":3}},"type":"if","locations":[{"start":{"line":35,"column":2},"end":{"line":37,"column":3}},{"start":{},"end":{}}],"line":35}},"s":{"0":2,"1":2,"2":2,"3":2,"4":2,"5":2,"6":2,"7":2,"8":2,"9":0,"10":2,"11":2,"12":10,"13":8,"14":8,"15":2,"16":8,"17":8,"18":2,"19":2,"20":2},"f":{"0":10,"1":8,"2":8},"b":{"0":[2,0],"1":[0,2],"2":[10,10,8,8],"3":[8,0]},"_coverageSchema":"1a1c01bbd47fc00a2c39e90264f33305004495a9","hash":"a5d27435db2394df25b8a619673555c91b5b31cd"}
,"D:\\Course\\FSJS\\file requirement job\\10xers Labs\\api-online-store\\models\\product.js": {"path":"D:\\Course\\FSJS\\file requirement job\\10xers Labs\\api-online-store\\models\\product.js","statementMap":{"0":{"start":{"line":2,"column":18},"end":{"line":2,"column":38}},"1":{"start":{"line":3,"column":17},"end":{"line":3,"column":34}},"2":{"start":{"line":4,"column":0},"end":{"line":58,"column":2}},"3":{"start":{"line":13,"column":6},"end":{"line":13,"column":65}},"4":{"start":{"line":16,"column":2},"end":{"line":56,"column":4}},"5":{"start":{"line":57,"column":2},"end":{"line":57,"column":17}}},"fnMap":{"0":{"name":"(anonymous_0)","decl":{"start":{"line":4,"column":17},"end":{"line":4,"column":18}},"loc":{"start":{"line":4,"column":43},"end":{"line":58,"column":1}},"line":4},"1":{"name":"(anonymous_1)","decl":{"start":{"line":11,"column":4},"end":{"line":11,"column":5}},"loc":{"start":{"line":11,"column":29},"end":{"line":14,"column":5}},"line":11}},"branchMap":{},"s":{"0":2,"1":2,"2":2,"3":2,"4":2,"5":2},"f":{"0":2,"1":2},"b":{},"_coverageSchema":"1a1c01bbd47fc00a2c39e90264f33305004495a9","hash":"0a770224e13c3c06db6d13a09daa151bb1c462b0"}
,"D:\\Course\\FSJS\\file requirement job\\10xers Labs\\api-online-store\\models\\user.js": {"path":"D:\\Course\\FSJS\\file requirement job\\10xers Labs\\api-online-store\\models\\user.js","statementMap":{"0":{"start":{"line":2,"column":18},"end":{"line":2,"column":38}},"1":{"start":{"line":3,"column":25},"end":{"line":3,"column":53}},"2":{"start":{"line":4,"column":17},"end":{"line":4,"column":34}},"3":{"start":{"line":5,"column":0},"end":{"line":62,"column":2}},"4":{"start":{"line":16,"column":2},"end":{"line":60,"column":4}},"5":{"start":{"line":55,"column":10},"end":{"line":55,"column":27}},"6":{"start":{"line":56,"column":10},"end":{"line":56,"column":54}},"7":{"start":{"line":61,"column":2},"end":{"line":61,"column":14}}},"fnMap":{"0":{"name":"(anonymous_0)","decl":{"start":{"line":5,"column":17},"end":{"line":5,"column":18}},"loc":{"start":{"line":5,"column":43},"end":{"line":62,"column":1}},"line":5},"1":{"name":"(anonymous_1)","decl":{"start":{"line":12,"column":4},"end":{"line":12,"column":5}},"loc":{"start":{"line":12,"column":29},"end":{"line":14,"column":5}},"line":12},"2":{"name":"(anonymous_2)","decl":{"start":{"line":54,"column":8},"end":{"line":54,"column":9}},"loc":{"start":{"line":54,"column":27},"end":{"line":57,"column":9}},"line":54}},"branchMap":{},"s":{"0":2,"1":2,"2":2,"3":2,"4":2,"5":4,"6":4,"7":2},"f":{"0":2,"1":2,"2":4},"b":{},"_coverageSchema":"1a1c01bbd47fc00a2c39e90264f33305004495a9","hash":"a3488926684c2761d20348c0a921e0faf62197d8"}
,"D:\\Course\\FSJS\\file requirement job\\10xers Labs\\api-online-store\\routes\\index.js": {"path":"D:\\Course\\FSJS\\file requirement job\\10xers Labs\\api-online-store\\routes\\index.js","statementMap":{"0":{"start":{"line":1,"column":16},"end":{"line":1,"column":34}},"1":{"start":{"line":2,"column":15},"end":{"line":2,"column":31}},"2":{"start":{"line":5,"column":0},"end":{"line":5,"column":44}},"3":{"start":{"line":6,"column":0},"end":{"line":6,"column":50}},"4":{"start":{"line":8,"column":0},"end":{"line":8,"column":24}}},"fnMap":{},"branchMap":{},"s":{"0":2,"1":2,"2":2,"3":2,"4":2},"f":{},"b":{},"_coverageSchema":"1a1c01bbd47fc00a2c39e90264f33305004495a9","hash":"8f32409b9f2da968256804393c0a9f35711e4499"}
,"D:\\Course\\FSJS\\file requirement job\\10xers Labs\\api-online-store\\routes\\productRoute.js": {"path":"D:\\Course\\FSJS\\file requirement job\\10xers Labs\\api-online-store\\routes\\productRoute.js","statementMap":{"0":{"start":{"line":1,"column":16},"end":{"line":1,"column":34}},"1":{"start":{"line":2,"column":15},"end":{"line":2,"column":31}},"2":{"start":{"line":5,"column":26},"end":{"line":5,"column":69}},"3":{"start":{"line":8,"column":0},"end":{"line":8,"column":56}},"4":{"start":{"line":11,"column":0},"end":{"line":11,"column":43}},"5":{"start":{"line":12,"column":0},"end":{"line":12,"column":50}},"6":{"start":{"line":15,"column":0},"end":{"line":15,"column":46}},"7":{"start":{"line":16,"column":0},"end":{"line":16,"column":43}},"8":{"start":{"line":17,"column":0},"end":{"line":17,"column":44}},"9":{"start":{"line":18,"column":0},"end":{"line":18,"column":57}},"10":{"start":{"line":19,"column":0},"end":{"line":19,"column":51}},"11":{"start":{"line":21,"column":0},"end":{"line":21,"column":24}}},"fnMap":{},"branchMap":{},"s":{"0":2,"1":2,"2":2,"3":2,"4":2,"5":2,"6":2,"7":2,"8":2,"9":2,"10":2,"11":2},"f":{},"b":{},"_coverageSchema":"1a1c01bbd47fc00a2c39e90264f33305004495a9","hash":"386add11fc87084e26a98b745e717cb2fe5f0181"}
,"D:\\Course\\FSJS\\file requirement job\\10xers Labs\\api-online-store\\routes\\userRoute.js": {"path":"D:\\Course\\FSJS\\file requirement job\\10xers Labs\\api-online-store\\routes\\userRoute.js","statementMap":{"0":{"start":{"line":1,"column":16},"end":{"line":1,"column":34}},"1":{"start":{"line":2,"column":15},"end":{"line":2,"column":31}},"2":{"start":{"line":5,"column":23},"end":{"line":5,"column":63}},"3":{"start":{"line":8,"column":0},"end":{"line":8,"column":50}},"4":{"start":{"line":9,"column":0},"end":{"line":9,"column":44}},"5":{"start":{"line":11,"column":0},"end":{"line":11,"column":24}}},"fnMap":{},"branchMap":{},"s":{"0":2,"1":2,"2":2,"3":2,"4":2,"5":2},"f":{},"b":{},"_coverageSchema":"1a1c01bbd47fc00a2c39e90264f33305004495a9","hash":"5a24148304ad39b721cca414a8b7b2955f58a09b"}
}
