TN:
SF:app.js
FNF:0
FNH:0
DA:1,2
DA:3,2
DA:4,2
DA:6,2
DA:7,2
DA:10,2
DA:13,2
DA:15,2
LF:8
LH:8
BRF:0
BRH:0
end_of_record
TN:
SF:controllers\ProductController.js
FN:6,(anonymous_0)
FN:28,(anonymous_1)
FN:105,(anonymous_2)
FN:170,(anonymous_3)
FN:253,(anonymous_4)
FN:308,(anonymous_5)
FNF:6
FNH:6
FNDA:1,(anonymous_0)
FNDA:2,(anonymous_1)
FNDA:3,(anonymous_2)
FNDA:4,(anonymous_3)
FNDA:3,(anonymous_4)
FNDA:2,(anonymous_5)
DA:1,2
DA:2,2
DA:3,2
DA:7,1
DA:9,1
DA:19,1
DA:24,0
DA:30,2
DA:32,2
DA:34,2
DA:52,2
DA:55,2
DA:64,2
DA:79,2
DA:86,2
DA:87,1
DA:88,1
DA:91,1
DA:94,1
DA:100,1
DA:101,1
DA:107,3
DA:109,3
DA:111,3
DA:112,3
DA:115,3
DA:116,1
DA:120,2
DA:122,2
DA:123,1
DA:127,1
DA:128,1
DA:129,1
DA:137,1
DA:138,4
DA:139,2
DA:141,2
DA:142,2
DA:146,1
DA:155,1
DA:158,1
DA:161,1
DA:163,1
DA:165,2
DA:166,2
DA:171,4
DA:173,4
DA:175,4
DA:178,4
DA:179,1
DA:183,3
DA:186,2
DA:187,1
DA:202,1
DA:204,1
DA:216,1
DA:217,1
DA:220,1
DA:221,10
DA:222,8
DA:224,2
DA:225,2
DA:230,1
DA:239,1
DA:240,1
DA:243,1
DA:244,1
DA:248,3
DA:249,3
DA:255,3
DA:257,3
DA:259,3
DA:262,3
DA:263,1
DA:267,2
DA:271,2
DA:272,1
DA:276,1
DA:284,1
DA:287,1
DA:294,1
DA:297,1
DA:299,1
DA:303,2
DA:304,2
DA:309,2
DA:311,2
DA:314,2
DA:319,2
DA:320,1
DA:325,2
DA:326,2
DA:327,2
DA:328,1
DA:329,1
DA:330,1
DA:332,1
DA:336,2
DA:339,2
DA:350,0
DA:355,2
LF:101
LH:99
BRDA:115,0,0,1
BRDA:115,0,1,2
BRDA:122,1,0,1
BRDA:122,1,1,1
BRDA:138,2,0,2
BRDA:138,2,1,2
BRDA:138,3,0,4
BRDA:138,3,1,2
BRDA:178,4,0,1
BRDA:178,4,1,3
BRDA:186,5,0,1
BRDA:186,5,1,1
BRDA:221,6,0,8
BRDA:221,6,1,2
BRDA:221,7,0,10
BRDA:221,7,1,8
BRDA:262,8,0,1
BRDA:262,8,1,2
BRDA:271,9,0,1
BRDA:271,9,1,1
BRDA:319,10,0,1
BRDA:319,10,1,1
BRDA:327,11,0,1
BRDA:327,11,1,1
BRDA:342,12,0,2
BRDA:342,12,1,1
BRF:26
BRH:26
end_of_record
TN:
SF:controllers\UserController.js
FN:6,(anonymous_0)
FN:35,(anonymous_1)
FNF:2
FNH:2
FNDA:2,(anonymous_0)
FNDA:4,(anonymous_1)
DA:1,2
DA:2,2
DA:3,2
DA:7,2
DA:9,2
DA:12,2
DA:19,2
DA:22,1
DA:31,1
DA:36,4
DA:38,4
DA:41,4
DA:42,1
DA:49,3
DA:52,3
DA:53,1
DA:57,2
DA:60,2
DA:61,1
DA:65,1
DA:68,1
DA:70,3
DA:75,2
LF:23
LH:23
BRDA:41,0,0,1
BRDA:41,0,1,3
BRDA:41,1,0,4
BRDA:41,1,1,4
BRDA:52,2,0,1
BRDA:52,2,1,2
BRDA:60,3,0,1
BRDA:60,3,1,1
BRF:8
BRH:8
end_of_record
TN:
SF:helpers\bcrypt.js
FN:4,(anonymous_0)
FN:8,(anonymous_1)
FNF:2
FNH:2
FNDA:4,(anonymous_0)
FNDA:2,(anonymous_1)
DA:1,2
DA:2,2
DA:4,2
DA:5,4
DA:8,2
DA:9,2
DA:12,2
LF:7
LH:7
BRF:0
BRH:0
end_of_record
TN:
SF:helpers\jwt.js
FN:4,(anonymous_0)
FN:8,(anonymous_1)
FNF:2
FNH:2
FNDA:4,(anonymous_0)
FNDA:15,(anonymous_1)
DA:1,2
DA:2,2
DA:4,2
DA:5,4
DA:8,2
DA:9,15
DA:12,2
LF:7
LH:7
BRF:0
BRH:0
end_of_record
TN:
SF:middlewares\adminAccess.js
FN:1,(anonymous_0)
FNF:1
FNH:1
FNDA:14,(anonymous_0)
DA:1,2
DA:2,14
DA:3,14
DA:4,14
DA:5,1
DA:11,13
DA:13,1
DA:17,2
LF:8
LH:8
BRDA:4,0,0,1
BRDA:4,0,1,13
BRF:2
BRH:2
end_of_record
TN:
SF:middlewares\auth.js
FN:4,(anonymous_0)
FNF:1
FNH:1
FNDA:17,(anonymous_0)
DA:1,2
DA:2,2
DA:4,2
DA:5,17
DA:7,17
DA:10,17
DA:11,1
DA:15,16
DA:18,16
DA:19,1
DA:23,15
DA:26,15
DA:29,15
DA:30,1
DA:34,14
DA:36,14
DA:38,3
DA:42,2
LF:18
LH:18
BRDA:10,0,0,1
BRDA:10,0,1,16
BRDA:18,1,0,1
BRDA:18,1,1,15
BRDA:29,2,0,1
BRDA:29,2,1,14
BRF:6
BRH:6
end_of_record
TN:
SF:middlewares\errHandler.js
FN:1,(anonymous_0)
FNF:1
FNH:1
FNDA:16,(anonymous_0)
DA:1,2
DA:2,16
DA:4,4
DA:5,4
DA:8,2
DA:9,2
DA:12,5
DA:13,5
DA:15,1
DA:16,1
DA:18,3
DA:19,3
DA:21,1
DA:22,1
DA:23,1
DA:27,2
LF:16
LH:16
BRDA:2,0,0,4
BRDA:2,0,1,1
BRDA:2,0,2,2
BRDA:2,0,3,3
BRDA:2,0,4,5
BRDA:2,0,5,1
BRDA:2,0,6,3
BRDA:2,0,7,1
BRF:8
BRH:8
end_of_record
TN:
SF:models\adminhistory.js
FN:5,(anonymous_0)
FN:12,(anonymous_1)
FN:28,(anonymous_2)
FNF:3
FNH:3
FNDA:2,(anonymous_0)
FNDA:2,(anonymous_1)
FNDA:4,(anonymous_2)
DA:2,2
DA:3,2
DA:5,2
DA:16,2
DA:29,4
DA:34,2
LF:6
LH:6
BRF:0
BRH:0
end_of_record
TN:
SF:models\detail.js
FN:4,(anonymous_0)
FN:11,(anonymous_1)
FN:34,(anonymous_2)
FNF:3
FNH:3
FNDA:2,(anonymous_0)
FNDA:2,(anonymous_1)
FNDA:2,(anonymous_2)
DA:2,2
DA:3,2
DA:4,2
DA:13,2
DA:16,2
DA:35,2
DA:40,2
LF:7
LH:7
BRF:0
BRH:0
end_of_record
TN:
SF:models\index.js
FN:21,(anonymous_0)
FN:29,(anonymous_1)
FN:34,(anonymous_2)
FNF:3
FNH:3
FNDA:10,(anonymous_0)
FNDA:8,(anonymous_1)
FNDA:8,(anonymous_2)
DA:3,2
DA:4,2
DA:5,2
DA:6,2
DA:7,2
DA:8,2
DA:9,2
DA:10,2
DA:13,2
DA:14,0
DA:16,2
DA:19,2
DA:22,10
DA:30,8
DA:31,8
DA:34,2
DA:35,8
DA:36,8
DA:40,2
DA:41,2
DA:43,2
LF:21
LH:20
BRDA:8,0,0,2
BRDA:8,0,1,0
BRDA:13,1,0,0
BRDA:13,1,1,2
BRDA:23,2,0,10
BRDA:23,2,1,10
BRDA:23,2,2,8
BRDA:23,2,3,8
BRDA:35,3,0,8
BRDA:35,3,1,0
BRF:10
BRH:7
end_of_record
TN:
SF:models\product.js
FN:4,(anonymous_0)
FN:11,(anonymous_1)
FNF:2
FNH:2
FNDA:2,(anonymous_0)
FNDA:2,(anonymous_1)
DA:2,2
DA:3,2
DA:4,2
DA:13,2
DA:16,2
DA:57,2
LF:6
LH:6
BRF:0
BRH:0
end_of_record
TN:
SF:models\user.js
FN:5,(anonymous_0)
FN:12,(anonymous_1)
FN:54,(anonymous_2)
FNF:3
FNH:3
FNDA:2,(anonymous_0)
FNDA:2,(anonymous_1)
FNDA:4,(anonymous_2)
DA:2,2
DA:3,2
DA:4,2
DA:5,2
DA:16,2
DA:55,4
DA:56,4
DA:61,2
LF:8
LH:8
BRF:0
BRH:0
end_of_record
TN:
SF:routes\index.js
FNF:0
FNH:0
DA:1,2
DA:2,2
DA:5,2
DA:6,2
DA:8,2
LF:5
LH:5
BRF:0
BRH:0
end_of_record
TN:
SF:routes\productRoute.js
FNF:0
FNH:0
DA:1,2
DA:2,2
DA:5,2
DA:8,2
DA:11,2
DA:12,2
DA:15,2
DA:16,2
DA:17,2
DA:18,2
DA:19,2
DA:21,2
LF:12
LH:12
BRF:0
BRH:0
end_of_record
TN:
SF:routes\userRoute.js
FNF:0
FNH:0
DA:1,2
DA:2,2
DA:5,2
DA:8,2
DA:9,2
DA:11,2
LF:6
LH:6
BRF:0
BRH:0
end_of_record
