TN:
SF:app.js
FNF:0
FNH:0
DA:1,2
DA:3,2
DA:4,2
DA:6,2
DA:7,2
DA:10,2
DA:13,2
DA:15,2
LF:8
LH:8
BRF:0
BRH:0
end_of_record
TN:
SF:controllers\ProductController.js
FN:6,(anonymous_0)
FN:63,(anonymous_1)
FN:140,(anonymous_2)
FN:209,(anonymous_3)
FN:304,(anonymous_4)
FN:359,(anonymous_5)
FNF:6
FNH:6
FNDA:2,(anonymous_0)
FNDA:2,(anonymous_1)
FNDA:3,(anonymous_2)
FNDA:4,(anonymous_3)
FNDA:3,(anonymous_4)
FNDA:2,(anonymous_5)
DA:1,2
DA:2,2
DA:3,2
DA:7,2
DA:9,2
DA:12,2
DA:25,2
DA:26,0
DA:32,2
DA:33,2
DA:36,2
DA:37,1
DA:38,1
DA:39,1
DA:41,1
DA:45,2
DA:48,2
DA:59,0
DA:65,2
DA:67,2
DA:69,2
DA:87,2
DA:90,2
DA:99,2
DA:114,2
DA:121,2
DA:122,1
DA:123,1
DA:126,1
DA:129,1
DA:135,1
DA:136,1
DA:142,3
DA:144,3
DA:146,3
DA:147,3
DA:150,3
DA:151,1
DA:155,2
DA:160,2
DA:161,1
DA:165,1
DA:166,1
DA:167,1
DA:175,1
DA:176,4
DA:177,2
DA:179,2
DA:180,2
DA:185,1
DA:194,1
DA:197,1
DA:200,1
DA:202,1
DA:204,2
DA:205,2
DA:211,4
DA:213,4
DA:215,4
DA:218,4
DA:219,1
DA:223,3
DA:226,2
DA:227,1
DA:231,1
DA:234,1
DA:235,0
DA:250,1
DA:252,1
DA:265,1
DA:266,1
DA:269,1
DA:270,10
DA:271,8
DA:273,2
DA:274,2
DA:279,1
DA:288,1
DA:289,1
DA:292,1
DA:295,1
DA:299,3
DA:300,3
DA:306,3
DA:308,3
DA:310,3
DA:313,3
DA:314,1
DA:318,2
DA:322,2
DA:323,1
DA:327,1
DA:335,1
DA:338,1
DA:345,1
DA:348,1
DA:350,1
DA:354,2
DA:355,2
DA:360,2
DA:362,2
DA:365,2
DA:371,2
DA:372,1
DA:377,2
DA:378,2
DA:379,2
DA:380,1
DA:381,1
DA:382,1
DA:384,1
DA:388,2
DA:391,2
DA:402,0
DA:407,2
LF:115
LH:111
BRDA:25,0,0,0
BRDA:25,0,1,2
BRDA:36,1,0,1
BRDA:36,1,1,1
BRDA:51,2,0,2
BRDA:51,2,1,1
BRDA:150,3,0,1
BRDA:150,3,1,2
BRDA:160,4,0,1
BRDA:160,4,1,1
BRDA:176,5,0,2
BRDA:176,5,1,2
BRDA:176,6,0,4
BRDA:176,6,1,2
BRDA:218,7,0,1
BRDA:218,7,1,3
BRDA:226,8,0,1
BRDA:226,8,1,1
BRDA:234,9,0,0
BRDA:234,9,1,1
BRDA:270,10,0,8
BRDA:270,10,1,2
BRDA:270,11,0,10
BRDA:270,11,1,8
BRDA:313,12,0,1
BRDA:313,12,1,2
BRDA:322,13,0,1
BRDA:322,13,1,1
BRDA:371,14,0,1
BRDA:371,14,1,1
BRDA:379,15,0,1
BRDA:379,15,1,1
BRDA:394,16,0,2
BRDA:394,16,1,1
BRF:34
BRH:32
end_of_record
TN:
SF:controllers\UserController.js
FN:6,(anonymous_0)
FN:35,(anonymous_1)
FNF:2
FNH:2
FNDA:2,(anonymous_0)
FNDA:4,(anonymous_1)
DA:1,2
DA:2,2
DA:3,2
DA:7,2
DA:9,2
DA:12,2
DA:19,2
DA:22,1
DA:31,1
DA:36,4
DA:38,4
DA:41,4
DA:42,1
DA:49,3
DA:52,3
DA:53,1
DA:57,2
DA:60,2
DA:61,1
DA:65,1
DA:68,1
DA:70,3
DA:75,2
LF:23
LH:23
BRDA:41,0,0,1
BRDA:41,0,1,3
BRDA:41,1,0,4
BRDA:41,1,1,4
BRDA:52,2,0,1
BRDA:52,2,1,2
BRDA:60,3,0,1
BRDA:60,3,1,1
BRF:8
BRH:8
end_of_record
TN:
SF:helpers\bcrypt.js
FN:4,(anonymous_0)
FN:8,(anonymous_1)
FNF:2
FNH:2
FNDA:4,(anonymous_0)
FNDA:2,(anonymous_1)
DA:1,2
DA:2,2
DA:4,2
DA:5,4
DA:8,2
DA:9,2
DA:12,2
LF:7
LH:7
BRF:0
BRH:0
end_of_record
TN:
SF:helpers\jwt.js
FN:4,(anonymous_0)
FN:8,(anonymous_1)
FNF:2
FNH:2
FNDA:4,(anonymous_0)
FNDA:18,(anonymous_1)
DA:1,2
DA:2,2
DA:4,2
DA:5,4
DA:8,2
DA:9,18
DA:12,2
LF:7
LH:7
BRF:0
BRH:0
end_of_record
TN:
SF:middlewares\adminAccess.js
FN:1,(anonymous_0)
FNF:1
FNH:1
FNDA:15,(anonymous_0)
DA:1,2
DA:2,15
DA:3,15
DA:4,15
DA:5,1
DA:11,14
DA:13,1
DA:17,2
LF:8
LH:8
BRDA:4,0,0,1
BRDA:4,0,1,14
BRF:2
BRH:2
end_of_record
TN:
SF:middlewares\auth.js
FN:4,(anonymous_0)
FNF:1
FNH:1
FNDA:20,(anonymous_0)
DA:1,2
DA:2,2
DA:4,2
DA:5,20
DA:7,20
DA:10,20
DA:11,1
DA:15,19
DA:18,19
DA:19,1
DA:23,18
DA:26,18
DA:29,18
DA:30,1
DA:34,17
DA:36,17
DA:38,3
DA:42,2
LF:18
LH:18
BRDA:10,0,0,1
BRDA:10,0,1,19
BRDA:18,1,0,1
BRDA:18,1,1,18
BRDA:29,2,0,1
BRDA:29,2,1,17
BRF:6
BRH:6
end_of_record
TN:
SF:middlewares\errHandler.js
FN:1,(anonymous_0)
FNF:1
FNH:1
FNDA:16,(anonymous_0)
DA:1,2
DA:2,16
DA:4,4
DA:5,4
DA:8,2
DA:9,2
DA:12,5
DA:13,5
DA:15,1
DA:16,1
DA:18,3
DA:19,3
DA:21,1
DA:22,1
DA:23,1
DA:27,2
LF:16
LH:16
BRDA:2,0,0,4
BRDA:2,0,1,1
BRDA:2,0,2,2
BRDA:2,0,3,3
BRDA:2,0,4,5
BRDA:2,0,5,1
BRDA:2,0,6,3
BRDA:2,0,7,1
BRF:8
BRH:8
end_of_record
TN:
SF:models\adminhistory.js
FN:5,(anonymous_0)
FN:12,(anonymous_1)
FN:28,(anonymous_2)
FNF:3
FNH:3
FNDA:2,(anonymous_0)
FNDA:2,(anonymous_1)
FNDA:4,(anonymous_2)
DA:2,2
DA:3,2
DA:5,2
DA:16,2
DA:29,4
DA:34,2
LF:6
LH:6
BRF:0
BRH:0
end_of_record
TN:
SF:models\detail.js
FN:4,(anonymous_0)
FN:11,(anonymous_1)
FN:34,(anonymous_2)
FNF:3
FNH:3
FNDA:2,(anonymous_0)
FNDA:2,(anonymous_1)
FNDA:2,(anonymous_2)
DA:2,2
DA:3,2
DA:4,2
DA:13,2
DA:16,2
DA:35,2
DA:40,2
LF:7
LH:7
BRF:0
BRH:0
end_of_record
TN:
SF:models\index.js
FN:21,(anonymous_0)
FN:29,(anonymous_1)
FN:34,(anonymous_2)
FNF:3
FNH:3
FNDA:10,(anonymous_0)
FNDA:8,(anonymous_1)
FNDA:8,(anonymous_2)
DA:3,2
DA:4,2
DA:5,2
DA:6,2
DA:7,2
DA:8,2
DA:9,2
DA:10,2
DA:13,2
DA:14,0
DA:16,2
DA:19,2
DA:22,10
DA:30,8
DA:31,8
DA:34,2
DA:35,8
DA:36,8
DA:40,2
DA:41,2
DA:43,2
LF:21
LH:20
BRDA:8,0,0,2
BRDA:8,0,1,0
BRDA:13,1,0,0
BRDA:13,1,1,2
BRDA:23,2,0,10
BRDA:23,2,1,10
BRDA:23,2,2,8
BRDA:23,2,3,8
BRDA:35,3,0,8
BRDA:35,3,1,0
BRF:10
BRH:7
end_of_record
TN:
SF:models\product.js
FN:4,(anonymous_0)
FN:11,(anonymous_1)
FNF:2
FNH:2
FNDA:2,(anonymous_0)
FNDA:2,(anonymous_1)
DA:2,2
DA:3,2
DA:4,2
DA:13,2
DA:16,2
DA:57,2
LF:6
LH:6
BRF:0
BRH:0
end_of_record
TN:
SF:models\user.js
FN:5,(anonymous_0)
FN:12,(anonymous_1)
FN:54,(anonymous_2)
FNF:3
FNH:3
FNDA:2,(anonymous_0)
FNDA:2,(anonymous_1)
FNDA:4,(anonymous_2)
DA:2,2
DA:3,2
DA:4,2
DA:5,2
DA:16,2
DA:55,4
DA:56,4
DA:61,2
LF:8
LH:8
BRF:0
BRH:0
end_of_record
TN:
SF:routes\index.js
FN:4,(anonymous_0)
FNF:1
FNH:0
FNDA:0,(anonymous_0)
DA:1,2
DA:2,2
DA:4,2
DA:5,0
DA:13,2
DA:14,2
DA:16,2
LF:7
LH:6
BRF:0
BRH:0
end_of_record
TN:
SF:routes\productRoute.js
FNF:0
FNH:0
DA:1,2
DA:2,2
DA:5,2
DA:8,2
DA:9,2
DA:12,2
DA:15,2
DA:16,2
DA:17,2
DA:18,2
DA:19,2
DA:21,2
LF:12
LH:12
BRF:0
BRH:0
end_of_record
TN:
SF:routes\userRoute.js
FNF:0
FNH:0
DA:1,2
DA:2,2
DA:5,2
DA:8,2
DA:9,2
DA:11,2
LF:6
LH:6
BRF:0
BRH:0
end_of_record
